[    0.000000] Linux version 4.15.0-123-generic (buildd@lcy01-amd64-017) (gcc version 7.5.0 (Ubuntu 7.5.0-3ubuntu1~18.04)) #126-Ubuntu SMP Wed Oct 21 09:40:11 UTC 2020 (Ubuntu 4.15.0-123.126-generic 4.15.18)
[    0.000000] Command line: BOOT_IMAGE=/boot/vmlinuz-4.15.0-123-generic root=LABEL=cloudimg-rootfs ro console=tty1 console=ttyS0
[    0.000000] KERNEL supported cpus:
[    0.000000]   Intel GenuineIntel
[    0.000000]   AMD AuthenticAMD
[    0.000000]   Centaur CentaurHauls
[    0.000000] x86/fpu: Supporting XSAVE feature 0x001: 'x87 floating point registers'
[    0.000000] x86/fpu: Supporting XSAVE feature 0x002: 'SSE registers'
[    0.000000] x86/fpu: Supporting XSAVE feature 0x004: 'AVX registers'
[    0.000000] x86/fpu: xstate_offset[2]:  576, xstate_sizes[2]:  256
[    0.000000] x86/fpu: Enabled xstate features 0x7, context size is 832 bytes, using 'standard' format.
[    0.000000] e820: BIOS-provided physical RAM map:
[    0.000000] BIOS-e820: [mem 0x0000000000000000-0x000000000009fbff] usable
[    0.000000] BIOS-e820: [mem 0x000000000009fc00-0x000000000009ffff] reserved
[    0.000000] BIOS-e820: [mem 0x00000000000f0000-0x00000000000fffff] reserved
[    0.000000] BIOS-e820: [mem 0x0000000000100000-0x000000003ffeffff] usable
[    0.000000] BIOS-e820: [mem 0x000000003fff0000-0x000000003fffffff] ACPI data
[    0.000000] BIOS-e820: [mem 0x00000000fec00000-0x00000000fec00fff] reserved
[    0.000000] BIOS-e820: [mem 0x00000000fee00000-0x00000000fee00fff] reserved
[    0.000000] BIOS-e820: [mem 0x00000000fffc0000-0x00000000ffffffff] reserved
[    0.000000] NX (Execute Disable) protection: active
[    0.000000] SMBIOS 2.5 present.
[    0.000000] DMI: innotek GmbH VirtualBox/VirtualBox, BIOS VirtualBox 12/01/2006
[    0.000000] Hypervisor detected: KVM
[    0.000000] e820: last_pfn = 0x3fff0 max_arch_pfn = 0x400000000
[    0.000000] MTRR: Disabled
[    0.000000] x86/PAT: MTRRs disabled, skipping PAT initialization too.
[    0.000000] CPU MTRRs all blank - virtualized system.
[    0.000000] x86/PAT: Configuration [0-7]: WB  WT  UC- UC  WB  WT  UC- UC  
[    0.000000] found SMP MP-table at [mem 0x0009fff0-0x0009ffff]
[    0.000000] Scanning 1 areas for low memory corruption
[    0.000000] RAMDISK: [mem 0x35a65000-0x36d29fff]
[    0.000000] ACPI: Early table checksum verification disabled
[    0.000000] ACPI: RSDP 0x00000000000E0000 000024 (v02 VBOX  )
[    0.000000] ACPI: XSDT 0x000000003FFF0030 00003C (v01 VBOX   VBOXXSDT 00000001 ASL  00000061)
[    0.000000] ACPI: FACP 0x000000003FFF00F0 0000F4 (v04 VBOX   VBOXFACP 00000001 ASL  00000061)
[    0.000000] ACPI: DSDT 0x000000003FFF0470 002325 (v02 VBOX   VBOXBIOS 00000002 INTL 20100528)
[    0.000000] ACPI: FACS 0x000000003FFF0200 000040
[    0.000000] ACPI: FACS 0x000000003FFF0200 000040
[    0.000000] ACPI: APIC 0x000000003FFF0240 00005C (v02 VBOX   VBOXAPIC 00000001 ASL  00000061)
[    0.000000] ACPI: SSDT 0x000000003FFF02A0 0001CC (v01 VBOX   VBOXCPUT 00000002 INTL 20100528)
[    0.000000] No NUMA configuration found
[    0.000000] Faking a node at [mem 0x0000000000000000-0x000000003ffeffff]
[    0.000000] NODE_DATA(0) allocated [mem 0x3ffc5000-0x3ffeffff]
[    0.000000] kvm-clock: cpu 0, msr 0:3ff44001, primary cpu clock
[    0.000000] kvm-clock: Using msrs 4b564d01 and 4b564d00
[    0.000000] kvm-clock: using sched offset of 3161290889 cycles
[    0.000000] clocksource: kvm-clock: mask: 0xffffffffffffffff max_cycles: 0x1cd42e4dffb, max_idle_ns: 881590591483 ns
[    0.000000] Zone ranges:
[    0.000000]   DMA      [mem 0x0000000000001000-0x0000000000ffffff]
[    0.000000]   DMA32    [mem 0x0000000001000000-0x000000003ffeffff]
[    0.000000]   Normal   empty
[    0.000000]   Device   empty
[    0.000000] Movable zone start for each node
[    0.000000] Early memory node ranges
[    0.000000]   node   0: [mem 0x0000000000001000-0x000000000009efff]
[    0.000000]   node   0: [mem 0x0000000000100000-0x000000003ffeffff]
[    0.000000] Reserved but unavailable: 98 pages
[    0.000000] Initmem setup node 0 [mem 0x0000000000001000-0x000000003ffeffff]
[    0.000000] ACPI: PM-Timer IO Port: 0x4008
[    0.000000] IOAPIC[0]: apic_id 2, version 32, address 0xfec00000, GSI 0-23
[    0.000000] ACPI: INT_SRC_OVR (bus 0 bus_irq 0 global_irq 2 dfl dfl)
[    0.000000] ACPI: INT_SRC_OVR (bus 0 bus_irq 9 global_irq 9 low level)
[    0.000000] Using ACPI (MADT) for SMP configuration information
[    0.000000] smpboot: Allowing 2 CPUs, 0 hotplug CPUs
[    0.000000] PM: Registered nosave memory: [mem 0x00000000-0x00000fff]
[    0.000000] PM: Registered nosave memory: [mem 0x0009f000-0x0009ffff]
[    0.000000] PM: Registered nosave memory: [mem 0x000a0000-0x000effff]
[    0.000000] PM: Registered nosave memory: [mem 0x000f0000-0x000fffff]
[    0.000000] e820: [mem 0x40000000-0xfebfffff] available for PCI devices
[    0.000000] Booting paravirtualized kernel on KVM
[    0.000000] clocksource: refined-jiffies: mask: 0xffffffff max_cycles: 0xffffffff, max_idle_ns: 7645519600211568 ns
[    0.000000] random: get_random_bytes called from start_kernel+0x99/0x500 with crng_init=0
[    0.000000] setup_percpu: NR_CPUS:8192 nr_cpumask_bits:2 nr_cpu_ids:2 nr_node_ids:1
[    0.000000] percpu: Embedded 45 pages/cpu s147456 r8192 d28672 u1048576
[    0.000000] PV qspinlock hash table entries: 256 (order: 0, 4096 bytes)
[    0.000000] Built 1 zonelists, mobility grouping on.  Total pages: 257913
[    0.000000] Policy zone: DMA32
[    0.000000] Kernel command line: BOOT_IMAGE=/boot/vmlinuz-4.15.0-123-generic root=LABEL=cloudimg-rootfs ro console=tty1 console=ttyS0
[    0.000000] Memory: 983028K/1048120K available (12300K kernel code, 2482K rwdata, 4272K rodata, 2436K init, 2724K bss, 65092K reserved, 0K cma-reserved)
[    0.000000] SLUB: HWalign=64, Order=0-3, MinObjects=0, CPUs=2, Nodes=1
[    0.000000] ftrace: allocating 39402 entries in 154 pages
[    0.004000] Hierarchical RCU implementation.
[    0.004000] 	RCU restricting CPUs from NR_CPUS=8192 to nr_cpu_ids=2.
[    0.004000] 	Tasks RCU enabled.
[    0.004000] RCU: Adjusting geometry for rcu_fanout_leaf=16, nr_cpu_ids=2
[    0.004000] NR_IRQS: 524544, nr_irqs: 440, preallocated irqs: 16
[    0.004000] Console: colour VGA+ 80x25
[    0.004000] console [tty1] enabled
[    0.004000] console [ttyS0] enabled
[    0.004000] ACPI: Core revision 20170831
[    0.004000] ACPI: 2 ACPI AML tables successfully acquired and loaded
[    0.004000] APIC: Switch to symmetric I/O mode setup
[    0.004000] x2apic enabled
[    0.004000] Switched APIC routing to physical x2apic.
[    0.004000] ..TIMER: vector=0x30 apic1=0 pin1=2 apic2=-1 pin2=-1
[    0.004000] tsc: Detected 2304.006 MHz processor
[    0.004000] Calibrating delay loop (skipped) preset value.. 4608.01 BogoMIPS (lpj=9216024)
[    0.004005] pid_max: default: 32768 minimum: 301
[    0.004525] Security Framework initialized
[    0.004982] Yama: becoming mindful.
[    0.005394] AppArmor: AppArmor initialized
[    0.008000] Dentry cache hash table entries: 131072 (order: 8, 1048576 bytes)
[    0.008028] Inode-cache hash table entries: 65536 (order: 7, 524288 bytes)
[    0.008787] Mount-cache hash table entries: 2048 (order: 2, 16384 bytes)
[    0.009515] Mountpoint-cache hash table entries: 2048 (order: 2, 16384 bytes)
[    0.012171] Last level iTLB entries: 4KB 64, 2MB 8, 4MB 8
[    0.012744] Last level dTLB entries: 4KB 64, 2MB 0, 4MB 0, 1GB 4
[    0.013437] Spectre V1 : Mitigation: usercopy/swapgs barriers and __user pointer sanitization
[    0.014375] Spectre V2 : Mitigation: Full generic retpoline
[    0.015102] Spectre V2 : Spectre v2 / SpectreRSB mitigation: Filling RSB on context switch
[    0.016001] Speculative Store Bypass: Vulnerable
[    0.016547] SRBDS: Mitigation: TSX disabled
[    0.017126] Freeing SMP alternatives memory: 36K
[    0.126389] smpboot: CPU0: Intel(R) Core(TM) i7-10510U CPU @ 1.80GHz (family: 0x6, model: 0x8e, stepping: 0xc)
[    0.127794] Performance Events: unsupported p6 CPU model 142 no PMU driver, software events only.
[    0.128000] Hierarchical SRCU implementation.
[    0.128131] NMI watchdog: Perf event create on CPU 0 failed with -2
[    0.128834] NMI watchdog: Perf NMI watchdog permanently disabled
[    0.129533] smp: Bringing up secondary CPUs ...
[    0.130122] x86: Booting SMP configuration:
[    0.130591] .... node  #0, CPUs:      #1
[    0.004000] kvm-clock: cpu 1, msr 0:3ff44041, secondary cpu clock
[    0.132020] smp: Brought up 1 node, 2 CPUs
[    0.132475] smpboot: Max logical packages: 1
[    0.132950] smpboot: Total of 2 processors activated (9216.02 BogoMIPS)
[    0.133713] devtmpfs: initialized
[    0.133713] x86/mm: Memory block size: 128MB
[    0.136087] evm: security.selinux
[    0.136644] evm: security.SMACK64
[    0.137230] evm: security.SMACK64EXEC
[    0.137716] evm: security.SMACK64TRANSMUTE
[    0.138414] evm: security.SMACK64MMAP
[    0.139094] evm: security.apparmor
[    0.139510] evm: security.ima
[    0.140004] evm: security.capability
[    0.140570] clocksource: jiffies: mask: 0xffffffff max_cycles: 0xffffffff, max_idle_ns: 7645041785100000 ns
[    0.141204] futex hash table entries: 512 (order: 3, 32768 bytes)
[    0.144011] pinctrl core: initialized pinctrl subsystem
[    0.144727] RTC time: 21:18:02, date: 12/04/20
[    0.146014] NET: Registered protocol family 16
[    0.146613] audit: initializing netlink subsys (disabled)
[    0.148019] audit: type=2000 audit(1607116687.352:1): state=initialized audit_enabled=0 res=1
[    0.148075] cpuidle: using governor ladder
[    0.148524] cpuidle: using governor menu
[    0.149034] ACPI: bus type PCI registered
[    0.149541] acpiphp: ACPI Hot Plug PCI Controller Driver version: 0.5
[    0.152028] PCI: Using configuration type 1 for base access
[    0.152715] HugeTLB registered 2.00 MiB page size, pre-allocated 0 pages
[    0.152818] ACPI: Added _OSI(Module Device)
[    0.152818] ACPI: Added _OSI(Processor Device)
[    0.153118] ACPI: Added _OSI(3.0 _SCP Extensions)
[    0.156006] ACPI: Added _OSI(Processor Aggregator Device)
[    0.156656] ACPI: Added _OSI(Linux-Dell-Video)
[    0.157205] ACPI: Added _OSI(Linux-Lenovo-NV-HDMI-Audio)
[    0.157855] ACPI: Added _OSI(Linux-HPI-Hybrid-Graphics)
[    0.158701] ACPI: Executed 1 blocks of module-level executable AML code
[    0.161142] ACPI: Interpreter enabled
[    0.161609] ACPI: (supports S0 S5)
[    0.162050] ACPI: Using IOAPIC for interrupt routing
[    0.162802] PCI: Using host bridge windows from ACPI; if necessary, use "pci=nocrs" and report a bug
[    0.164119] ACPI: Enabled 2 GPEs in block 00 to 07
[    0.169628] ACPI: PCI Root Bridge [PCI0] (domain 0000 [bus 00-ff])
[    0.170289] acpi PNP0A03:00: _OSC: OS supports [ASPM ClockPM Segments MSI]
[    0.171313] acpi PNP0A03:00: _OSC: not requesting OS control; OS requires [ExtendedConfig ASPM ClockPM MSI]
[    0.172007] acpi PNP0A03:00: fail to add MMCONFIG information, can't access extended PCI configuration space under this bridge.
[    0.173528] PCI host bridge to bus 0000:00
[    0.173985] pci_bus 0000:00: root bus resource [io  0x0000-0x0cf7 window]
[    0.174704] pci_bus 0000:00: root bus resource [io  0x0d00-0xffff window]
[    0.175439] pci_bus 0000:00: root bus resource [mem 0x000a0000-0x000bffff window]
[    0.176002] pci_bus 0000:00: root bus resource [mem 0x40000000-0xfdffffff window]
[    0.176853] pci_bus 0000:00: root bus resource [bus 00-ff]
[    0.178832] pci 0000:00:01.1: legacy IDE quirk: reg 0x10: [io  0x01f0-0x01f7]
[    0.179624] pci 0000:00:01.1: legacy IDE quirk: reg 0x14: [io  0x03f6]
[    0.180002] pci 0000:00:01.1: legacy IDE quirk: reg 0x18: [io  0x0170-0x0177]
[    0.180798] pci 0000:00:01.1: legacy IDE quirk: reg 0x1c: [io  0x0376]
[    0.191099] pci 0000:00:07.0: quirk: [io  0x4000-0x403f] claimed by PIIX4 ACPI
[    0.192011] pci 0000:00:07.0: quirk: [io  0x4100-0x410f] claimed by PIIX4 SMB
[    0.197901] ACPI: PCI Interrupt Link [LNKA] (IRQs 5 9 10 *11)
[    0.198865] ACPI: PCI Interrupt Link [LNKB] (IRQs 5 9 *10 11)
[    0.199635] ACPI: PCI Interrupt Link [LNKC] (IRQs 5 *9 10 11)
[    0.200082] ACPI: PCI Interrupt Link [LNKD] (IRQs 5 9 10 *11)
[    0.200964] SCSI subsystem initialized
[    0.201467] pci 0000:00:02.0: vgaarb: setting as boot VGA device
[    0.201467] pci 0000:00:02.0: vgaarb: VGA device added: decodes=io+mem,owns=io+mem,locks=none
[    0.201731] pci 0000:00:02.0: vgaarb: bridge control possible
[    0.204005] vgaarb: loaded
[    0.204380] ACPI: bus type USB registered
[    0.204917] usbcore: registered new interface driver usbfs
[    0.205584] usbcore: registered new interface driver hub
[    0.206232] usbcore: registered new device driver usb
[    0.206874] EDAC MC: Ver: 3.0.0
[    0.208030] PCI: Using ACPI for IRQ routing
[    0.208766] NetLabel: Initializing
[    0.209204] NetLabel:  domain hash size = 128
[    0.209741] NetLabel:  protocols = UNLABELED CIPSOv4 CALIPSO
[    0.210441] NetLabel:  unlabeled traffic allowed by default
[    0.212123] clocksource: Switched to clocksource kvm-clock
[    0.225230] VFS: Disk quotas dquot_6.6.0
[    0.225738] VFS: Dquot-cache hash table entries: 512 (order 0, 4096 bytes)
[    0.226654] AppArmor: AppArmor Filesystem Enabled
[    0.227240] pnp: PnP ACPI init
[    0.228294] pnp: PnP ACPI: found 3 devices
[    0.236651] clocksource: acpi_pm: mask: 0xffffff max_cycles: 0xffffff, max_idle_ns: 2085701024 ns
[    0.237728] NET: Registered protocol family 2
[    0.238378] TCP established hash table entries: 8192 (order: 4, 65536 bytes)
[    0.239213] TCP bind hash table entries: 8192 (order: 5, 131072 bytes)
[    0.242311] TCP: Hash tables configured (established 8192 bind 8192)
[    0.243088] UDP hash table entries: 512 (order: 2, 16384 bytes)
[    0.243816] UDP-Lite hash table entries: 512 (order: 2, 16384 bytes)
[    0.244603] NET: Registered protocol family 1
[    0.245145] pci 0000:00:00.0: Limiting direct PCI/PCI transfers
[    0.245873] pci 0000:00:01.0: Activating ISA DMA hang workarounds
[    0.246632] pci 0000:00:02.0: Video device with shadowed ROM at [mem 0x000c0000-0x000dffff]
[    0.247685] Unpacking initramfs...
[    0.515725] Freeing initrd memory: 19220K
[    0.516557] clocksource: tsc: mask: 0xffffffffffffffff max_cycles: 0x2135fd711f6, max_idle_ns: 440795262176 ns
[    0.517925] platform rtc_cmos: registered platform RTC device (no PNP device found)
[    0.518812] Scanning for low memory corruption every 60 seconds
[    0.520050] Initialise system trusted keyrings
[    0.520633] Key type blacklist registered
[    0.521215] workingset: timestamp_bits=36 max_order=18 bucket_order=0
[    0.522486] zbud: loaded
[    0.523181] squashfs: version 4.0 (2009/01/31) Phillip Lougher
[    0.524010] fuse init (API version 7.26)
[    0.528995] Key type asymmetric registered
[    0.529507] Asymmetric key parser 'x509' registered
[    0.530115] Block layer SCSI generic (bsg) driver version 0.4 loaded (major 246)
[    0.531058] io scheduler noop registered
[    0.531568] io scheduler deadline registered
[    0.532146] io scheduler cfq registered (default)
[    0.532897] ACPI: AC Adapter [AC] (on-line)
[    0.533448] input: Power Button as /devices/LNXSYSTM:00/LNXPWRBN:00/input/input0
[    0.534375] ACPI: Power Button [PWRF]
[    0.534881] input: Sleep Button as /devices/LNXSYSTM:00/LNXSLPBN:00/input/input1
[    0.535773] ACPI: Sleep Button [SLPF]
[    0.536909] ACPI: Battery Slot [BAT0] (battery present)
[    0.537624] Serial: 8250/16550 driver, 32 ports, IRQ sharing enabled
[    0.558859] 00:02: ttyS0 at I/O 0x3f8 (irq = 4, base_baud = 115200) is a 16550A
[    0.562005] Linux agpgart interface v0.103
[    0.563429] loop: module loaded
[    0.564192] scsi host0: ata_piix
[    0.564680] scsi host1: ata_piix
[    0.565116] ata1: PATA max UDMA/33 cmd 0x1f0 ctl 0x3f6 bmdma 0xd000 irq 14
[    0.565916] ata2: PATA max UDMA/33 cmd 0x170 ctl 0x376 bmdma 0xd008 irq 15
[    0.566779] libphy: Fixed MDIO Bus: probed
[    0.567293] tun: Universal TUN/TAP device driver, 1.6
[    0.567948] PPP generic driver version 2.4.2
[    0.568538] ehci_hcd: USB 2.0 'Enhanced' Host Controller (EHCI) Driver
[    0.569303] ehci-pci: EHCI PCI platform driver
[    0.569886] ehci-platform: EHCI generic platform driver
[    0.570526] ohci_hcd: USB 1.1 'Open' Host Controller (OHCI) Driver
[    0.571259] ohci-pci: OHCI PCI platform driver
[    0.571812] ohci-platform: OHCI generic platform driver
[    0.572470] uhci_hcd: USB Universal Host Controller Interface driver
[    0.573247] i8042: PNP: PS/2 Controller [PNP0303:PS2K,PNP0f03:PS2M] at 0x60,0x64 irq 1,12
[    0.574594] serio: i8042 KBD port at 0x60,0x64 irq 1
[    0.575211] serio: i8042 AUX port at 0x60,0x64 irq 12
[    0.575909] mousedev: PS/2 mouse device common for all mice
[    0.576996] input: AT Translated Set 2 keyboard as /devices/platform/i8042/serio0/input/input2
[    0.578145] rtc_cmos rtc_cmos: rtc core: registered rtc_cmos as rtc0
[    0.578969] rtc_cmos rtc_cmos: alarms up to one day, 114 bytes nvram
[    0.579717] i2c /dev entries driver
[    0.580213] device-mapper: uevent: version 1.0.3
[    0.580839] device-mapper: ioctl: 4.37.0-ioctl (2017-09-20) initialised: dm-devel@redhat.com
[    0.581870] ledtrig-cpu: registered to indicate activity on CPUs
[    0.582862] NET: Registered protocol family 10
[    0.585335] Segment Routing with IPv6
[    0.585807] NET: Registered protocol family 17
[    0.586387] Key type dns_resolver registered
[    0.587022] mce: Using 0 MCE banks
[    0.587461] RAS: Correctable Errors collector initialized.
[    0.588122] sched_clock: Marking stable (587005751, 0)->(691244309, -104238558)
[    0.589310] registered taskstats version 1
[    0.589823] Loading compiled-in X.509 certificates
[    0.592615] Loaded X.509 cert 'Build time autogenerated kernel key: 423d6fc95fe30468112015aeb92af84ef3acf368'
[    0.593811] zswap: loaded using pool lzo/zbud
[    0.596095] Key type big_key registered
[    0.596574] Key type trusted registered
[    0.597852] Key type encrypted registered
[    0.598361] AppArmor: AppArmor sha1 policy hashing enabled
[    0.599017] ima: No TPM chip found, activating TPM-bypass! (rc=-19)
[    0.599788] ima: Allocated hash algorithm: sha1
[    0.600381] evm: HMAC attrs: 0x1
[    0.600975]   Magic number: 0:836:347
[    0.601455]  pci0000:00: hash matches
[    0.601969] rtc_cmos rtc_cmos: setting system clock to 2020-12-04 21:18:02 UTC (1607116682)
[    0.603006] BIOS EDD facility v0.16 2004-Jun-25, 0 devices found
[    0.603716] EDD information not available.
[    0.749831] Freeing unused kernel image memory: 2436K
[    1.120198] Write protecting the kernel read-only data: 20480k
[    1.125804] Freeing unused kernel image memory: 2008K
[    1.129605] Freeing unused kernel image memory: 1872K
[    1.138555] x86/mm: Checked W+X mappings: passed, no W+X pages found.
Loading, please wait...
starting version 237
[    1.180093] e1000: Intel(R) PRO/1000 Network Driver - version 7.3.21-k8-NAPI
[    1.181106] e1000: Copyright (c) 1999-2006 Intel Corporation.
[    1.187891] Fusion MPT base driver 3.04.20
[    1.188732] Copyright (c) 1999-2008 LSI Corporation
[    1.196634] Fusion MPT SPI Host driver 3.04.20
[    1.198643] AVX2 version of gcm_enc/dec engaged.
[    1.199243] AES CTR mode by8 optimization enabled
[    1.390270] input: ImExPS/2 Generic Explorer Mouse as /devices/platform/i8042/serio1/input/input4
[    1.547647] e1000 0000:00:03.0 eth0: (PCI:33MHz:32-bit) 02:ad:b8:da:8b:56
[    1.548716] e1000 0000:00:03.0 eth0: Intel(R) PRO/1000 Network Connection
[    1.550325] mptbase: ioc0: Initiating bringup
[    1.644591] ioc0: LSI53C1030 A0: Capabilities={Initiator}
[    1.897358] scsi host2: ioc0: LSI53C1030 A0, FwRev=00000000h, Ports=1, MaxQ=256, IRQ=20
[    2.069291] scsi 2:0:0:0: Direct-Access     VBOX     HARDDISK         1.0  PQ: 0 ANSI: 5
[    2.440970] scsi target2:0:0: Beginning Domain Validation
[    2.481633] scsi target2:0:0: Domain Validation skipping write tests
[    2.482557] scsi target2:0:0: Ending Domain Validation
[    2.483528] scsi target2:0:0: asynchronous
[    2.496620] scsi 2:0:1:0: Direct-Access     VBOX     HARDDISK         1.0  PQ: 0 ANSI: 5
[    2.704441] scsi target2:0:1: Beginning Domain Validation
[    2.708110] random: fast init done
[    2.708117] scsi target2:0:1: Domain Validation skipping write tests
[    2.709346] scsi target2:0:1: Ending Domain Validation
[    2.709992] scsi target2:0:1: asynchronous
[    2.713457] random: systemd-udevd: uninitialized urandom read (16 bytes read)
[    2.713510] sd 2:0:0:0: Attached scsi generic sg0 type 0
[    2.714330] random: systemd-udevd: uninitialized urandom read (16 bytes read)
[    2.715069] sd 2:0:1:0: Attached scsi generic sg1 type 0
[    2.715857] random: systemd-udevd: uninitialized urandom read (16 bytes read)
[    2.717460] sd 2:0:0:0: [sda] 20971520 512-byte logical blocks: (10.7 GB/10.0 GiB)
[    2.718425] sd 2:0:1:0: [sdb] 20480 512-byte logical blocks: (10.5 MB/10.0 MiB)
[    2.719355] sd 2:0:0:0: [sda] Write Protect is off
[    2.719967] sd 2:0:1:0: [sdb] Write Protect is off
[    2.720631] sd 2:0:0:0: [sda] Incomplete mode parameter data
[    2.721329] sd 2:0:0:0: [sda] Assuming drive cache: write through
[    2.722066] sd 2:0:1:0: [sdb] Incomplete mode parameter data
[    2.722764] sd 2:0:1:0: [sdb] Assuming drive cache: write through
[    2.727984]  sda: sda1
[    2.728975] sd 2:0:0:0: [sda] Attached SCSI disk
[    2.729899] sd 2:0:1:0: [sdb] Attached SCSI disk
[    2.736285] e1000 0000:00:08.0 eth1: (PCI:33MHz:32-bit) 08:00:27:5a:22:1f
[    2.737793] e1000 0000:00:08.0 eth1: Intel(R) PRO/1000 Network Connection
[    2.739292] e1000 0000:00:03.0 enp0s3: renamed from eth0
[    2.753988] e1000 0000:00:08.0 enp0s8: renamed from eth1
Begin: Loading essential drivers ... [    4.272877] raid6: sse2x1   gen() 14293 MB/s
[    4.320723] raid6: sse2x1   xor()  9001 MB/s
[    4.368574] raid6: sse2x2   gen() 19303 MB/s
[    4.416394] raid6: sse2x2   xor() 12439 MB/s
[    4.464161] raid6: sse2x4   gen() 19979 MB/s
[    4.512015] raid6: sse2x4   xor() 12081 MB/s
[    4.560786] raid6: avx2x1   gen() 32612 MB/s
[    4.608613] raid6: avx2x1   xor() 18415 MB/s
[    4.656431] raid6: avx2x2   gen() 37124 MB/s
[    4.705232] raid6: avx2x2   xor() 25236 MB/s
[    4.752080] raid6: avx2x4   gen() 40486 MB/s
[    4.800012] raid6: avx2x4   xor() 25222 MB/s
[    4.800544] raid6: using algorithm avx2x4 gen() 40486 MB/s
[    4.801259] raid6: .... xor() 25222 MB/s, rmw enabled
[    4.801888] raid6: using avx2x2 recovery algorithm
[    4.803570] xor: automatically using best checksumming function   avx       
[    4.805269] async_tx: api initialized (async)
done.
Begin: Running /scripts/init-premount ... done.
Begin: Mounting root file system ... Begin: Running /scripts/local-top ... done.
Begin: Running /scripts/local-premount ... [    4.835417] Btrfs loaded, crc32c=crc32c-intel
Scanning for Btrfs filesystems
done.
Warning: fsck not present, so skipping root file system
[    4.855924] EXT4-fs (sda1): mounted filesystem with ordered data mode. Opts: (null)
done.
Begin: Running /scripts/local-bottom ... done.
Begin: Running /scripts/init-bottom ... done.
[    4.969792] ip_tables: (C) 2000-2006 Netfilter Core Team
[    4.975118] systemd[1]: systemd 237 running in system mode. (+PAM +AUDIT +SELINUX +IMA +APPARMOR +SMACK +SYSVINIT +UTMP +LIBCRYPTSETUP +GCRYPT +GNUTLS +ACL +XZ +LZ4 +SECCOMP +BLKID +ELFUTILS +KMOD -IDN2 +IDN -PCRE2 default-hierarchy=hybrid)
[    4.977609] systemd[1]: Detected virtualization oracle.
[    4.978245] systemd[1]: Detected architecture x86-64.

Welcome to [1mUbuntu 18.04.5 LTS[0m!

[    4.981615] systemd[1]: Set hostname to <ubuntu>.
[    4.984032] systemd[1]: Initializing machine ID from random generator.
[    4.984825] systemd[1]: Installed transient /etc/machine-id file.
[    5.137267] systemd[1]: Set up automount Arbitrary Executable File Formats File System Automount Point.
[[0;32m  OK  [0m] Set up automount Arbitrary Executab…rmats File System Automount Point.
[    5.140347] systemd[1]: Created slice User and Session Slice.
[[0;32m  OK  [0m] Created slice User and Session Slice.
[    5.141539] systemd[1]: Started Forward Password Requests to Wall Directory Watch.
[[0;32m  OK  [0m] Started Forward Password Requests to Wall Directory Watch.
[    5.143070] systemd[1]: Reached target Swap.
[[0;32m  OK  [0m] Reached target Swap.
[[0;32m  OK  [0m] Created slice System Slice.
[[0;32m  OK  [0m] Listening on udev Kernel Socket.
[[0;32m  OK  [0m] Listening on Journal Socket (/dev/log).
[[0;32m  OK  [0m] Created slice system-serial\x2dgetty.slice.
[[0;32m  OK  [0m] Reached target Slices.
[[0;32m  OK  [0m] Listening on Syslog Socket.
[[0;32m  OK  [0m] Listening on Journal Audit Socket.
[[0;32m  OK  [0m] Listening on udev Control Socket.
[[0;32m  OK  [0m] Listening on /dev/initctl Compatibility Named Pipe.
[[0;32m  OK  [0m] Listening on LVM2 poll daemon socket.
[[0;32m  OK  [0m] Listening on LVM2 metadata daemon socket.
[[0;32m  OK  [0m] Listening on Journal Socket.
         Starting Remount Root and Kernel File Systems...
         Mounting Kernel Debug File System...
         Starting Load Kernel Modules...
         Starting Journal Service...
         Starting Set the console keyboard layout...
         Mounting Huge Pages File System...
[[0;32m  OK  [0m] Reached target User and Group Name Lookups.
         Mounting POSIX Message Queue File System...
         Starting udev Coldplug all Devices...
[[0;32m  OK  [0m] Reached target System Time Synchronized.
[[0;32m  OK  [0m] Listening on Network Service Netlink Socket.
         Starting Create list of required st…ce nodes for the current kernel...
         Starting Uncomplicated firewall...
[[0;32m  OK  [0m] Listening on Device-mapper event daemon FIFOs.
         Starting Monitoring of LVM2 mirrors…ng dmeventd or progress polling...
[[0;32m  OK  [0m] Mounted Kernel Debug File System.
[[0;32m  OK  [0m] Mounted Huge Pages File System.
[[0;32m  OK  [0m] Mounted POSIX Message Queue File System.
[    5.177589] Loading iSCSI transport class v2.0-870.
[    5.181640] iscsi: registered transport (tcp)
[    5.192345] iscsi: registered transport (iser)
[[0;32m  OK  [0m] Started Load Kernel Modules.
         Starting Apply Kernel Variables...
         Mounting Kernel Configuration File System...
         Mounting FUSE Control File System...
[[0;32m  OK  [0m] Mounted Kernel Configuration File System.
[[0;32m  OK  [0m] Mounted FUSE Control File System.
[[0;32m  OK  [0m] Started Journal Service.
[    5.230671] EXT4-fs (sda1): re-mounted. Opts: (null)
[[0;32m  OK  [0m] Started Remount Root and Kernel File Systems.
[[0;32m  OK  [0m] Started Create list of required sta…vice nodes for the current kernel.
         Starting Create Static Device Nodes in /dev...
         Starting Flush Journal to Persistent Storage...
         Starting Load/Save Random Seed...
[[0;32m  OK  [0m] Started Uncomplicated firewall.
[[0;32m  OK  [0m] Started udev Coldplug all Devices.
[[0;32m  OK  [0m] Started LVM2 metadata daemon.
[[0;32m  OK  [0m] Started Create Static Device Nodes in /dev.
         Starting udev Kernel Device Manager...
[[0;32m  OK  [0m] Started Apply Kernel Variables.
[[0;32m  OK  [0m] Started Load/Save Random Seed.
[[0;32m  OK  [0m] Started udev Kernel Device Manager.
[[0;32m  OK  [0m] Started Monitoring of LVM2 mirrors,…sing dmeventd or progress polling.
[[0;32m  OK  [0m] Started Flush Journal to Persistent Storage.
[[0;32m  OK  [0m] Started Set the console keyboard layout.
[[0;32m  OK  [0m] Started Dispatch Password Requests to Console Directory Watch.
[[0;32m  OK  [0m] Reached target Local Encrypted Volumes.
[[0;32m  OK  [0m] Reached target Local File Systems (Pre).
[[0;32m  OK  [0m] Reached target Local File Systems.
         Starting Commit a transient machine-id on disk...
         Starting Tell Plymouth To Write Out Runtime Data...
         Starting AppArmor initialization...
         Starting ebtables ruleset management...
         Starting Create Volatile Files and Directories...
         Starting Set console font and keymap...
[[0;32m  OK  [0m] Started Tell Plymouth To Write Out Runtime Data.
[[0;32m  OK  [0m] Found device /dev/ttyS0.
[[0;32m  OK  [0m] Started Set console font and keymap.
[[0;32m  OK  [0m] Started Create Volatile Files and Directories.
         Starting Update UTMP about System Boot/Shutdown...
[[0;32m  OK  [0m] Started Update UTMP about System Boot/Shutdown.
[[0;32m  OK  [0m] Started Commit a transient machine-id on disk.
[[0;32m  OK  [0m] Started ebtables ruleset management.
[[0;32m  OK  [0m] Listening on Load/Save RF Kill Switch Status /dev/rfkill Watch.
[[0;32m  OK  [0m] Started AppArmor initialization.
         Starting Load AppArmor profiles managed internally by snapd...
         Starting Initial cloud-init job (pre-networking)...
[[0;32m  OK  [0m] Started Load AppArmor profiles managed internally by snapd.
[    6.842180] cloud-init[575]: Cloud-init v. 20.3-2-g371b392c-0ubuntu1~18.04.1 running 'init-local' at Fri, 04 Dec 2020 21:18:08 +0000. Up 6.57 seconds.
[[0;32m  OK  [0m] Started Initial cloud-init job (pre-networking).
[[0;32m  OK  [0m] Reached target Network (Pre).
         Starting Network Service...
[[0;32m  OK  [0m] Started Network Service.
         Starting Wait for Network to be Configured...
         Starting Network Name Resolution...
[[0;32m  OK  [0m] Started Network Name Resolution.
[[0;32m  OK  [0m] Reached target Network.
[[0;32m  OK  [0m] Reached target Host and Network Name Lookups.
[[0;32m  OK  [0m] Started Wait for Network to be Configured.
         Starting Initial cloud-init job (metadata service crawler)...
[    8.856111] cloud-init[710]: Cloud-init v. 20.3-2-g371b392c-0ubuntu1~18.04.1 running 'init' at Fri, 04 Dec 2020 21:18:10 +0000. Up 8.77 seconds.
[    8.868118] cloud-init[710]: ci-info: ++++++++++++++++++++++++++++++++++++++Net device info+++++++++++++++++++++++++++++++++++++++
[    8.880299] cloud-init[710]: ci-info: +--------+-------+----------------------------+---------------+--------+-------------------+
[    8.892286] cloud-init[710]: ci-info: | Device |   Up  |          Address           |      Mask     | Scope  |     Hw-Address    |
[    8.893217] cloud-init[710]: ci-info: +--------+-------+----------------------------+---------------+--------+-------------------+
[    8.894171] cloud-init[710]: ci-info: | enp0s3 |  True |         10.0.2.15          | 255.255.255.0 | global | 02:ad:b8:da:8b:56 |
[    8.895151] cloud-init[710]: ci-info: | enp0s3 |  True | fe80::ad:b8ff:feda:8b56/64 |       .       |  link  | 02:ad:b8:da:8b:56 |
[    8.896114] cloud-init[710]: ci-info: | enp0s8 | False |             .              |       .       |   .    | 08:00:27:5a:22:1f |
[    8.897117] cloud-init[710]: ci-info: |   lo   |  True |         127.0.0.1          |   255.0.0.0   |  host  |         .         |
[    8.898123] cloud-init[710]: ci-info: |   lo   |  True |          ::1/128           |       .       |  host  |         .         |
[    8.899085] cloud-init[710]: ci-info: +--------+-------+----------------------------+---------------+--------+-------------------+
[    8.900090] cloud-init[710]: ci-info: ++++++++++++++++++++++++++++Route IPv4 info+++++++++++++++++++++++++++++
[    8.900920] cloud-init[710]: ci-info: +-------+-------------+----------+-----------------+-----------+-------+
[    8.901743] cloud-init[710]: ci-info: | Route | Destination | Gateway  |     Genmask     | Interface | Flags |
[    8.902576] cloud-init[710]: ci-info: +-------+-------------+----------+-----------------+-----------+-------+
[    8.903403] cloud-init[710]: ci-info: |   0   |   0.0.0.0   | 10.0.2.2 |     0.0.0.0     |   enp0s3  |   UG  |
[    8.904253] cloud-init[710]: ci-info: |   1   |   10.0.2.0  | 0.0.0.0  |  255.255.255.0  |   enp0s3  |   U   |
[    8.905085] cloud-init[710]: ci-info: |   2   |   10.0.2.2  | 0.0.0.0  | 255.255.255.255 |   enp0s3  |   UH  |
[    8.905906] cloud-init[710]: ci-info: +-------+-------------+----------+-----------------+-----------+-------+
[    8.906731] cloud-init[710]: ci-info: +++++++++++++++++++Route IPv6 info+++++++++++++++++++
[    8.907420] cloud-init[710]: ci-info: +-------+-------------+---------+-----------+-------+
[    8.908127] cloud-init[710]: ci-info: | Route | Destination | Gateway | Interface | Flags |
[    8.908815] cloud-init[710]: ci-info: +-------+-------------+---------+-----------+-------+
[    8.909520] cloud-init[710]: ci-info: |   1   |  fe80::/64  |    ::   |   enp0s3  |   U   |
[    8.910214] cloud-init[710]: ci-info: |   3   |    local    |    ::   |   enp0s3  |   U   |
[    8.910908] cloud-init[710]: ci-info: |   4   |   ff00::/8  |    ::   |   enp0s3  |   U   |
[    8.911603] cloud-init[710]: ci-info: +-------+-------------+---------+-----------+-------+
[    9.295775] cloud-init[710]: Generating public/private rsa key pair.
[    9.308603] cloud-init[710]: Your identification has been saved in /etc/ssh/ssh_host_rsa_key.
[    9.309317] cloud-init[710]: Your public key has been saved in /etc/ssh/ssh_host_rsa_key.pub.
[    9.320257] cloud-init[710]: The key fingerprint is:
[    9.320655] cloud-init[710]: SHA256:TrqVJHKjlK9kHFQYcNqC7K4hF4R/sFifhGchhKUDqfA root@ubuntu-bionic
[[0;32m  OK  [0m] Started Initial cloud-init job (metadata service crawler).
[    9.333367] cloud-init[710]: The key's randomart image is:
[[    9.360267] [0;32m  OK  [0mcloud-init] [710]: Reached target Cloud-config availability.+---[RSA 2048]----+

[[    9.361110] [0;32m  OK  [0mcloud-init] [710]: Reached target System Initialization.|.==.+o.          |

[[0;32m  OK  [0m] Started Daily Cleanup of Temporary Directories.
[    9.361940] cloud-init[710]: |*+ *.o           |
[    9.361970] cloud-init[710]: |BoB *            |
[[    9.363072] cloud-init[710]: |o*EX o           |
[    9.363145] cloud-init[710]: |..+ O + S        |
[    9.363453] cloud-init[710]: |.  = * B .       |
[    9.363775] cloud-init[710]: |o.. = o +        |
[    9.364210] cloud-init[710]: |oo o . o         |
[    9.364520] cloud-init[710]: |.   . .          |
[    9.364847] cloud-init[710]: +----[SHA256]-----+
[    9.365157] cloud-init[710]: Generating public/private dsa key pair.
[    9.365475] cloud-init[710]: Your identification has been saved in /etc/ssh/ssh_host_dsa_key.
[    9.365778] cloud-init[710]: Your public key has been saved in /etc/ssh/ssh_host_dsa_key.pub.
[    9.365980] cloud-init[710]: The key fingerprint is:
[    9.366291] cloud-init[710]: SHA256:NuDeuj5+kzOVWRrRyIkEwjZV180IA/1WceDQ3bpQLK8 root@ubuntu-bionic
[    9.366608] cloud-init[710]: The key's randomart image is:
[    9.366908] cloud-init[710]: +---[DSA 1024]----+
[    9.367223] cloud-init[710]: |   ...o++=+*.*o+o|
[    9.367439] cloud-init[710]: |    +.  ..*.=oB.o|
[    9.367634] cloud-init[710]: |   . ..    o =.. |
[    9.367841] cloud-init[710]: |     . .  . = o  |
[    9.368165] cloud-init[710]: |      . S  B o . |
[    9.368480] cloud-init[710]: |     . o .= E .  |
[    9.368777] cloud-init[710]: |      . .o       |
[    9.368987] cloud-init[710]: |      ..*        |
[    9.369192] cloud-init[710]: |     o=+ +       |
[    9.369507] cloud-init[710]: +----[SHA256]-----+
[    9.369807] cloud-init[710]: Generating public/private ecdsa key pair.
[    9.370019] cloud-init[710]: Your identification has been saved in /etc/ssh/ssh_host_ecdsa_key.
[    9.370225] cloud-init[710]: Your public key has been saved in /etc/ssh/ssh_host_ecdsa_key.pub.
[    9.370539] cloud-init[710]: The key fingerprint is:
[    9.370739] cloud-init[710]: SHA256:30MmUyblBd/v2micIhmU6Fj/zcxhJ4cP1ffW75iJoGU root@ubuntu-bionic
[    9.370945] cloud-init[710]: The key's randomart image is:
[    9.371138] cloud-init[710]: +---[ECDSA 256]---+
[    9.371523] cloud-init[710]: |            o..  |
[    9.371777] cloud-init[710]: |           o o . |
[    9.372045] cloud-init[710]: |         ...+ . o|
[0;32m  OK  [0m] Listening on Open-iSCSI iscsid Socket.
[    9.372130] cloud-init[710]: |        o o+    =|
[    9.377989] cloud-init[710]: |       +Soo o  o=|
[    9.378044] cloud-init[710]: |      . ..o*  *.*|
[    9.378408] cloud-init[710]: |          E+oB Xo|
[    9.378663] cloud-init[710]: |         +o.ooOBo|
[    9.378919] cloud-init[710]: |        .  ..o*.o|
[    9.379197] cloud-init[710]: +----[SHA256]-----+
[    9.379398] cloud-init[710]: Generating public/private ed25519 key pair.
[    9.379636] cloud-init[710]: Your identification has been saved in /etc/ssh/ssh_host_ed25519_key.
[[0;32m  OK  [0m] Started Message of the Day.
[    9.379712] cloud-init[710]: Your public key has been saved in /etc/ssh/ssh_host_ed25519_key.pub.
[[    9.382631] cloud-init[710]: The key fingerprint is:
[    9.382704] cloud-init[710]: SHA256:ceFkTnHWKP7UOBC11hjVg4Km0wEJdE4oTC/2hL1gaTk root@ubuntu-bionic
[    9.382961] cloud-init[710]: The key's randomart image is:
[    9.383268] cloud-init[710]: +--[ED25519 256]--+
[    9.383509] cloud-init[710]: |  o..oo+o O+=+o. |
[    9.383765] cloud-init[710]: |   o*.+. Xo=.*...|
[    9.384290] cloud-init[710]: |   E.+ .=.=o=o. .|
[    9.384531] cloud-init[710]: |  + * .o +..+ .  |
[    9.384778] cloud-init[710]: |     o  S  o .   |
[    9.385155] cloud-init[710]: |            .    |
[    9.385417] cloud-init[710]: |                 |
[    9.385660] cloud-init[710]: |                 |
[    9.385933] cloud-init[710]: |                 |
[    9.386294] cloud-init[710]: +----[SHA256]-----+
[0;32m  OK  [0m] Started Discard unused blocks once a week.
[[0;32m  OK  [0m] Started ACPI Events Check.
[[0;32m  OK  [0m] Reached target Paths.
         Starting LXD - unix socket.
[[0;32m  OK  [0m] Listening on D-Bus System Message Bus Socket.
[[0;32m  OK  [0m] Started Daily apt download activities.
[[0;32m  OK  [0m] Started Daily apt upgrade and clean activities.
[[0;32m  OK  [0m] Reached target Timers.
[[0;32m  OK  [0m] Listening on UUID daemon activation socket.
         Starting Socket activation for snappy daemon.
[[0;32m  OK  [0m] Listening on ACPID Listen Socket.
[[0;32m  OK  [0m] Reached target Network is Online.
         Starting Availability of block devices...
[[0;32m  OK  [0m] Reached target Remote File Systems (Pre).
[[0;32m  OK  [0m] Reached target Remote File Systems.
[[0;32m  OK  [0m] Listening on LXD - unix socket.
[[0;32m  OK  [0m] Listening on Socket activation for snappy daemon.
[[0;32m  OK  [0m] Reached target Sockets.
[[0;32m  OK  [0m] Reached target Basic System.
[[0;32m  OK  [0m] Started D-Bus System Message Bus.
         Starting System Logging Service...
         Starting LSB: Record successful boot for GRUB...
         Starting Dispatcher daemon for systemd-networkd...
[[0;32m  OK  [0m] Started Regular background program processing daemon.
         Starting Permit User Sessions...
         Starting LSB: automatic crash report generation...
         Starting Virtualbox guest utils...
         Starting Pollinate to seed the pseudo random number generator...
         Starting Snap Daemon...
         Starting Login Service...
         Starting Accounts Service...
[[0;32m  OK  [0m] Started irqbalance daemon.
[[0;32m  OK  [0m] Started FUSE filesystem for LXC.
[[0;32m  OK  [0m] Started Deferred execution scheduler.
         Starting LXD - container startup/shutdown...
[[0;32m  OK  [0m] Started System Logging Service.
[[0;32m  OK  [0m] Started Availability of block devices.
[[0;32m  OK  [0m] Started Permit User Sessions.
         Starting Hold until boot process finishes up...
         Starting Terminate Plymouth Boot Screen...
[[0;32m  OK  [0m] Started Hold until boot process finishes up.
         Starting Set console scheme...
[[0;32m  OK  [0m] Started Serial Getty on ttyS0.
[[0;32m  OK  [0m] Started Terminate Plymouth Boot Screen.
[[0;32m  OK  [0m] Started Set console scheme.
[[0;32m  OK  [0m] Started Login Service.
[[0;32m  OK  [0m] Started Unattended Upgrades Shutdown.
[[0;32m  OK  [0m] Created slice system-getty.slice.
[[0;32m  OK  [0m] Started Getty on tty1.
[[0;32m  OK  [0m] Reached target Login Prompts.
         Starting Authorization Manager...
[[0;32m  OK  [0m] Started LSB: automatic crash report generation.
[[0;32m  OK  [0m] Started LSB: Record successful boot for GRUB.
[[0;32m  OK  [0m] Started Virtualbox guest utils.
[[0;32m  OK  [0m] Started Authorization Manager.
[[0;32m  OK  [0m] Started Accounts Service.
[[0;32m  OK  [0m] Started LXD - container startup/shutdown.
[[0;32m  OK  [0m] Started Dispatcher daemon for systemd-networkd.
[[0;32m  OK  [0m] Started Snap Daemon.
         Starting Wait until snapd is fully seeded...
[[0;32m  OK  [0m] Started Pollinate to seed the pseudo random number generator.
         Starting OpenBSD Secure Shell server...
[[0;32m  OK  [0m] Started OpenBSD Secure Shell server.
[[0;32m  OK  [0m] Created slice User Slice of vagrant.
         Starting User Manager for UID 1000...
[[0;32m  OK  [0m] Started Session 1 of user vagrant.
[[0;32m  OK  [0m] Started User Manager for UID 1000.
[[0;32m  OK  [0m] Started Wait until snapd is fully seeded.
[[0;32m  OK  [0m] Reached target Multi-User System.
[[0;32m  OK  [0m] Reached target Graphical Interface.
         Starting Update UTMP about System Runlevel Changes...
         Starting Apply the settings specified in cloud-config...
[[0;32m  OK  [0m] Started Update UTMP about System Runlevel Changes.
[   15.152567] cloud-init[1534]: Cloud-init v. 20.3-2-g371b392c-0ubuntu1~18.04.1 running 'modules:config' at Fri, 04 Dec 2020 21:18:16 +0000. Up 14.86 seconds.
ci-info: no authorized SSH keys fingerprints found for user ubuntu.
<14>Dec  4 21:18:17 ec2: 
<14>Dec  4 21:18:17 ec2: #############################################################
<14>Dec  4 21:18:17 ec2: -----BEGIN SSH HOST KEY FINGERPRINTS-----
<14>Dec  4 21:18:17 ec2: 1024 SHA256:NuDeuj5+kzOVWRrRyIkEwjZV180IA/1WceDQ3bpQLK8 root@ubuntu-bionic (DSA)
<14>Dec  4 21:18:17 ec2: 256 SHA256:30MmUyblBd/v2micIhmU6Fj/zcxhJ4cP1ffW75iJoGU root@ubuntu-bionic (ECDSA)
<14>Dec  4 21:18:17 ec2: 256 SHA256:ceFkTnHWKP7UOBC11hjVg4Km0wEJdE4oTC/2hL1gaTk root@ubuntu-bionic (ED25519)
<14>Dec  4 21:18:17 ec2: 2048 SHA256:TrqVJHKjlK9kHFQYcNqC7K4hF4R/sFifhGchhKUDqfA root@ubuntu-bionic (RSA)
<14>Dec  4 21:18:17 ec2: -----END SSH HOST KEY FINGERPRINTS-----
<14>Dec  4 21:18:17 ec2: #############################################################
-----BEGIN SSH HOST KEY KEYS-----
ecdsa-sha2-nistp256 AAAAE2VjZHNhLXNoYTItbmlzdHAyNTYAAAAIbmlzdHAyNTYAAABBBEhV2Sg+BN7lqAyM1f5vEdw8p7Nb9HSZOCAN/2WGou02B5VrA7+D8TIGjG56imhdIxYTuPJsTjnu5Lp5eRH2eDg= root@ubuntu-bionic
ssh-ed25519 AAAAC3NzaC1lZDI1NTE5AAAAILESXdI04ef3wViELqr7JS500TJcb9xOvNeWlYIcvwL3 root@ubuntu-bionic
ssh-rsa AAAAB3NzaC1yc2EAAAADAQABAAABAQDJzRddv2m6l6B4+tyS1eUJ9Gjrsn7lB87tMpGZwDyt+Kr+phIDrITGK9bhjFsTiim6Y0n3g4MsVMzPvzL7nwqMudIZ1F10gsFou9QQW3bWh5cV0+XDxfSDFR02jXJjGTgbCkWxpWbnsYcprlZcEI9Arqiajr2V5B+d60DfG8C+LYbUytqu2RL7cNj78nrFtwFi3cdLPhl1gn+PoGpdhECjBqKwoUPanAmZZ6gSOB4/DKoHOc/xSG3ANXuoH2wR4u1yRSd7Bu6BrmNqYhUdL2Pt+vPUIFJGJN7d/o6RvYnpg6po+MXYRIeqTVGzOWZH9/NC7Q6bh5PvgiiYrcl8xe6V root@ubuntu-bionic
-----END SSH HOST KEY KEYS-----
[   15.519935] cloud-init[1665]: Cloud-init v. 20.3-2-g371b392c-0ubuntu1~18.04.1 running 'modules:final' at Fri, 04 Dec 2020 21:18:17 +0000. Up 15.42 seconds.
[   15.519995] cloud-init[1665]: ci-info: no authorized SSH keys fingerprints found for user ubuntu.
[   15.520338] cloud-init[1665]: Cloud-init v. 20.3-2-g371b392c-0ubuntu1~18.04.1 finished at Fri, 04 Dec 2020 21:18:17 +0000. Datasource DataSourceNoCloud [seed=/dev/sdb][dsmode=net].  Up 15.51 seconds

Ubuntu 18.04.5 LTS ubuntu-bionic ttyS0

ubuntu-bionic login: [47076.351973] INFO: rcu_sched detected stalls on CPUs/tasks:
[47076.353448] 	0-...!: (0 ticks this GP) idle=5e4/0/0 softirq=126893/126893 fqs=0 
[47076.355249] 	(detected by 1, t=349936 jiffies, g=76380, c=76379, q=337)
[47076.363228] rcu_sched kthread starved for 349936 jiffies! g76380 c76379 f0x0 RCU_GP_WAIT_FQS(3) ->state=0x402 ->cpu=1
[47076.363270] watchdog: BUG: soft lockup - CPU#0 stuck for 3353s! [swapper/0:0]
[47076.369092] INFO: rcu_sched detected stalls on CPUs/tasks:
[47076.369096] 	0-...!: (1 ticks this GP) idle=5f2/1/0 softirq=126893/126893 fqs=0 
[47076.369096] 	(detected by 1, t=899696 jiffies, g=76380, c=76379, q=337)
[47076.370121] rcu_sched kthread starved for 899696 jiffies! g76380 c76379 f0x2 RCU_GP_WAIT_FQS(3) ->state=0x0 ->cpu=1
[61514.203546] INFO: rcu_sched self-detected stall on CPU
[61514.204445] 	1-...!: (1 ticks this GP) idle=54a/1/0 softirq=75443/75443 fqs=0 
[61514.205557] 	 (t=359087 jiffies g=76728 c=76727 q=164)
[61514.206355] rcu_sched kthread starved for 359087 jiffies! g76728 c76727 f0x0 RCU_GP_WAIT_FQS(3) ->state=0x402 ->cpu=1
[61514.222382] INFO: rcu_sched self-detected stall on CPU
[61514.224175] 	0-...!: (1 GPs behind) idle=dda/1/0 softirq=129547/129548 fqs=0 
[61514.225521] 	 (t=359087 jiffies g=76728 c=76727 q=164)
[61514.226388] rcu_sched kthread starved for 359087 jiffies! g76728 c76727 f0x0 RCU_GP_WAIT_FQS(3) ->state=0x0 ->cpu=1
[61514.250134] INFO: rcu_sched self-detected stall on CPU
[61514.250135] INFO: rcu_sched self-detected stall on CPU
[61514.251336] 	1-...!: (2 ticks this GP) idle=54a/1/0 softirq=75443/75443 fqs=0 
[61514.253492] 	 (t=908854 jiffies g=76728 c=76727 q=164)
[61514.254489] rcu_sched kthread starved for 908854 jiffies! g76728 c76727 f0x0 RCU_GP_WAIT_FQS(3) ->state=0x0 ->cpu=1
[61514.278760] 	0-...!: (1 GPs behind) idle=dda/1/0 softirq=129547/129548 fqs=0 
[61514.280331] 	 (t=908854 jiffies g=76728 c=76727 q=164)
[61514.281093] rcu_sched kthread starved for 908854 jiffies! g76728 c76727 f0x0 RCU_GP_WAIT_FQS(3) ->state=0x0 ->cpu=1
[72315.147671] INFO: rcu_sched self-detected stall on CPU
[72315.148519] INFO: rcu_sched self-detected stall on CPU
[72315.148662] 	1-...!: (2 GPs behind) idle=002/140000000000001/0 softirq=77577/77578 fqs=0 
[72315.150390] 	
[72315.150393] 	0-...!: (1 ticks this GP) idle=952/1/0 softirq=131707/131707 fqs=0 
[72315.150396] rcu_sched kthread starved for 899694 jiffies! g77012 c77011 f0x0 RCU_GP_WAIT_FQS(3) ->state=0x402 ->cpu=0
[72315.150683] 	 (t=899694 jiffies g=77012 c=77011 q=73)
[72315.153360] rcu_sched kthread starved for 899694 jiffies! g77012 c77011 f0x0 RCU_GP_WAIT_FQS(3) ->state=0x402 ->cpu=0
[75915.409852] INFO: rcu_sched self-detected stall on CPU
[75915.410859] 	0-...!: (1 ticks this GP) idle=a1a/1/0 softirq=132073/132073 fqs=0 
[75915.412203] 	 (t=899657 jiffies g=77057 c=77056 q=205)
[75915.413129] rcu_sched kthread starved for 899657 jiffies! g77057 c77056 f0x0 RCU_GP_WAIT_FQS(3) ->state=0x402 ->cpu=0
[86752.861791] watchdog: BUG: soft lockup - CPU#0 stuck for 3351s! [(networkd):10981]
[86752.882655] INFO: rcu_sched detected stalls on CPUs/tasks:
[86752.883611] 	(detected by 1, t=349462 jiffies, g=83414, c=83413, q=735)
[86752.884735] All QSes seen, last rcu_sched kthread activity 349462 (4316030872-4315681410), jiffies_till_next_fqs=1, root ->qsmask 0x0
[86752.886814] rcu_sched kthread starved for 349462 jiffies! g83414 c83413 f0x2 RCU_GP_WAIT_FQS(3) ->state=0x0 ->cpu=1
[86752.889142] INFO: rcu_sched detected stalls on CPUs/tasks:
[86752.890065] 	(detected by 1, t=899219 jiffies, g=83414, c=83413, q=764)
[86752.891268] All QSes seen, last rcu_sched kthread activity 899219 (4316580629-4315681410), jiffies_till_next_fqs=1, root ->qsmask 0x0
[86752.893292] rcu_sched kthread starved for 899219 jiffies! g83414 c83413 f0x2 RCU_GP_WAIT_FQS(3) ->state=0x0 ->cpu=1
[90353.119691] INFO: rcu_sched self-detected stall on CPU
[90353.120783] 	1-...!: (1 ticks this GP) idle=d66/1/0 softirq=102547/102547 fqs=0 
[90353.122145] 	 (t=350411 jiffies g=83500 c=83499 q=120)
[90353.123011] rcu_sched kthread starved for 350411 jiffies! g83500 c83499 f0x0 RCU_GP_WAIT_FQS(3) ->state=0x402 ->cpu=1
[90353.124268] INFO: rcu_sched self-detected stall on CPU
[90353.125517] 	0-...!: (1 GPs behind) idle=bda/140000000000001/0 softirq=159521/159522 fqs=0 
[90353.126765] 	
[90353.126773] rcu_sched kthread starved for 350411 jiffies! g83500 c83499 f0x0 RCU_GP_WAIT_FQS(3) ->state=0x402 ->cpu=1
[90353.194989] INFO: rcu_sched self-detected stall on CPU
[90353.195012] INFO: rcu_sched self-detected stall on CPU
[90353.204788] 	1-...!: (2 ticks this GP) idle=d66/1/0 softirq=102547/102547 fqs=0 
[90353.209974] 	 (t=900186 jiffies g=83500 c=83499 q=120)
[90353.210079] 	0-...!: (1 GPs behind) idle=bda/140000000000001/0 softirq=159521/159522 fqs=0 
[90353.211711] rcu_sched kthread starved for 900186 jiffies! g83500 c83499 f0x0 RCU_GP_WAIT_FQS(3) ->state=0x200 ->cpu=1
[90353.213404] 	 (t=900186 jiffies g=83500 c=83499 q=120)
[90353.218278] rcu_sched kthread starved for 900186 jiffies! g83500 c83499 f0x0 RCU_GP_WAIT_FQS(3) ->state=0x200 ->cpu=1
[93953.514038] watchdog: BUG: soft lockup - CPU#0 stuck for 3353s! [apt-get:11041]
[93953.514067] INFO: rcu_sched detected stalls on CPUs/tasks:
[93953.516432] 	0-...!: (1 ticks this GP) idle=bda/140000000000001/0 softirq=160377/160377 fqs=0 
[93953.517753] 	
[93953.522936] rcu_sched kthread starved for 349436 jiffies! g83622 c83621 f0x2 RCU_GP_WAIT_FQS(3) ->state=0x402 ->cpu=1
[93953.535415] INFO: rcu_sched detected stalls on CPUs/tasks:
[93953.536593] 	(detected by 1, t=899197 jiffies, g=83622, c=83621, q=1232)
[93953.538903] All QSes seen, last rcu_sched kthread activity 899197 (4318380791-4317481594), jiffies_till_next_fqs=1, root ->qsmask 0x0
[93953.545039] rcu_sched kthread starved for 899197 jiffies! g83622 c83621 f0x2 RCU_GP_WAIT_FQS(3) ->state=0x200 ->cpu=1
[97523.347864] INFO: rcu_sched detected stalls on CPUs/tasks:
[97523.348849] 	0-...!: (1 GPs behind) idle=c36/140000000000001/0 softirq=160838/160843 fqs=0 
[97523.350300] 	(detected by 1, t=342737 jiffies, g=83708, c=83707, q=351)
[97523.353496] rcu_sched kthread starved for 342737 jiffies! g83708 c83707 f0x0 RCU_GP_WAIT_FQS(3) ->state=0x402 ->cpu=1
[97523.359496] INFO: rcu_sched detected stalls on CPUs/tasks:
[97523.361238] 	(detected by 1, t=892496 jiffies, g=83708, c=83707, q=324)
[97523.363245] All QSes seen, last rcu_sched kthread activity 892496 (4319273693-4318381197), jiffies_till_next_fqs=1, root ->qsmask 0x0
[97523.366910] rcu_sched kthread starved for 892496 jiffies! g83708 c83707 f0x2 RCU_GP_WAIT_FQS(3) ->state=0x200 ->cpu=1
[101154.189678] INFO: rcu_sched self-detected stall on CPU
[101154.190678] 	1-...!: (1 ticks this GP) idle=dd6/140000000000001/0 softirq=104974/104974 fqs=0 
[101154.192098] INFO: rcu_sched self-detected stall on CPU
[101154.192236] 	 (t=357150 jiffies g=83785 c=83784 q=275)
[101154.194070] 	0-...!: (1 GPs behind) idle=c46/140000000000001/0 softirq=161164/161186 fqs=0 
[101154.195063] rcu_sched kthread starved for 357150 jiffies! g83785 c83784 f0x0 RCU_GP_WAIT_FQS(3) ->state=0x402 ->cpu=1
[101154.196364] 	 (t=357150 jiffies g=83785 c=83784 q=275)
[101154.196369] rcu_sched kthread starved for 357150 jiffies! g83785 c83784 f0x0 RCU_GP_WAIT_FQS(3) ->state=0x402 ->cpu=1
[101154.213115] INFO: rcu_sched self-detected stall on CPU
[101154.215633] 	1-...!: (2 ticks this GP) idle=dd6/140000000000001/0 softirq=104974/104974 fqs=0 
[101154.221060] INFO: rcu_sched self-detected stall on CPU
[101154.222722] 	 (t=906912 jiffies g=83785 c=83784 q=276)
[101154.224586] 	0-...!: (1 ticks this GP) idle=c46/140000000000001/0 softirq=161187/161187 fqs=0 
[101154.225466] rcu_sched kthread starved for 906912 jiffies! g83785 c83784 f0x0 RCU_GP_WAIT_FQS(3) ->state=0x200 ->cpu=1
[101154.243555] 	 (t=906912 jiffies g=83785 c=83784 q=276)
[101154.251133] rcu_sched kthread starved for 906912 jiffies! g83785 c83784 f0x0 RCU_GP_WAIT_FQS(3) ->state=0x200 ->cpu=1
[104067.988571] INFO: rcu_sched self-detected stall on CPU
[104067.990012] 	1-...!: (1 ticks this GP) idle=de6/140000000000001/0 softirq=106200/106200 fqs=0 
[104067.996079] INFO: rcu_sched detected stalls on CPUs/tasks:
[104067.996993] 	1-...!: (1 ticks this GP) idle=de6/140000000000001/0 softirq=106200/106200 fqs=0 
[104067.998010] 	 (t=178705 jiffies g=83874 c=83873 q=198)
[104067.999071] 	(detected by 0, t=178705 jiffies, g=83874, c=83873, q=198)
[104068.000105] rcu_sched kthread starved for 178705 jiffies! g83874 c83873 f0x0 RCU_GP_WAIT_FQS(3) ->state=0x402 ->cpu=0
[104068.000438] rcu_sched kthread starved for 178705 jiffies! g83874 c83873 f0x0 RCU_GP_WAIT_FQS(3) ->state=0x402 ->cpu=0
[104068.008612] INFO: rcu_sched self-detected stall on CPU
[104068.010554] 	1-...!: (2 ticks this GP) idle=de6/140000000000001/0 softirq=106200/106200 fqs=1 
[104068.012659] 	 (t=728466 jiffies g=83874 c=83873 q=198)
