[    0.000000] Linux version 4.15.0-123-generic (buildd@lcy01-amd64-017) (gcc version 7.5.0 (Ubuntu 7.5.0-3ubuntu1~18.04)) #126-Ubuntu SMP Wed Oct 21 09:40:11 UTC 2020 (Ubuntu 4.15.0-123.126-generic 4.15.18)
[    0.000000] Command line: BOOT_IMAGE=/boot/vmlinuz-4.15.0-123-generic root=LABEL=cloudimg-rootfs ro console=tty1 console=ttyS0
[    0.000000] KERNEL supported cpus:
[    0.000000]   Intel GenuineIntel
[    0.000000]   AMD AuthenticAMD
[    0.000000]   Centaur CentaurHauls
[    0.000000] x86/fpu: Supporting XSAVE feature 0x001: 'x87 floating point registers'
[    0.000000] x86/fpu: Supporting XSAVE feature 0x002: 'SSE registers'
[    0.000000] x86/fpu: Supporting XSAVE feature 0x004: 'AVX registers'
[    0.000000] x86/fpu: xstate_offset[2]:  576, xstate_sizes[2]:  256
[    0.000000] x86/fpu: Enabled xstate features 0x7, context size is 832 bytes, using 'standard' format.
[    0.000000] e820: BIOS-provided physical RAM map:
[    0.000000] BIOS-e820: [mem 0x0000000000000000-0x000000000009fbff] usable
[    0.000000] BIOS-e820: [mem 0x000000000009fc00-0x000000000009ffff] reserved
[    0.000000] BIOS-e820: [mem 0x00000000000f0000-0x00000000000fffff] reserved
[    0.000000] BIOS-e820: [mem 0x0000000000100000-0x000000003ffeffff] usable
[    0.000000] BIOS-e820: [mem 0x000000003fff0000-0x000000003fffffff] ACPI data
[    0.000000] BIOS-e820: [mem 0x00000000fec00000-0x00000000fec00fff] reserved
[    0.000000] BIOS-e820: [mem 0x00000000fee00000-0x00000000fee00fff] reserved
[    0.000000] BIOS-e820: [mem 0x00000000fffc0000-0x00000000ffffffff] reserved
[    0.000000] NX (Execute Disable) protection: active
[    0.000000] SMBIOS 2.5 present.
[    0.000000] DMI: innotek GmbH VirtualBox/VirtualBox, BIOS VirtualBox 12/01/2006
[    0.000000] Hypervisor detected: KVM
[    0.000000] e820: last_pfn = 0x3fff0 max_arch_pfn = 0x400000000
[    0.000000] MTRR: Disabled
[    0.000000] x86/PAT: MTRRs disabled, skipping PAT initialization too.
[    0.000000] CPU MTRRs all blank - virtualized system.
[    0.000000] x86/PAT: Configuration [0-7]: WB  WT  UC- UC  WB  WT  UC- UC  
[    0.000000] found SMP MP-table at [mem 0x0009fff0-0x0009ffff]
[    0.000000] Scanning 1 areas for low memory corruption
[    0.000000] RAMDISK: [mem 0x35a65000-0x36d29fff]
[    0.000000] ACPI: Early table checksum verification disabled
[    0.000000] ACPI: RSDP 0x00000000000E0000 000024 (v02 VBOX  )
[    0.000000] ACPI: XSDT 0x000000003FFF0030 00003C (v01 VBOX   VBOXXSDT 00000001 ASL  00000061)
[    0.000000] ACPI: FACP 0x000000003FFF00F0 0000F4 (v04 VBOX   VBOXFACP 00000001 ASL  00000061)
[    0.000000] ACPI: DSDT 0x000000003FFF0470 002325 (v02 VBOX   VBOXBIOS 00000002 INTL 20100528)
[    0.000000] ACPI: FACS 0x000000003FFF0200 000040
[    0.000000] ACPI: FACS 0x000000003FFF0200 000040
[    0.000000] ACPI: APIC 0x000000003FFF0240 00005C (v02 VBOX   VBOXAPIC 00000001 ASL  00000061)
[    0.000000] ACPI: SSDT 0x000000003FFF02A0 0001CC (v01 VBOX   VBOXCPUT 00000002 INTL 20100528)
[    0.000000] No NUMA configuration found
[    0.000000] Faking a node at [mem 0x0000000000000000-0x000000003ffeffff]
[    0.000000] NODE_DATA(0) allocated [mem 0x3ffc5000-0x3ffeffff]
[    0.000000] kvm-clock: cpu 0, msr 0:3ff44001, primary cpu clock
[    0.000000] kvm-clock: Using msrs 4b564d01 and 4b564d00
[    0.000000] kvm-clock: using sched offset of 3402584979 cycles
[    0.000000] clocksource: kvm-clock: mask: 0xffffffffffffffff max_cycles: 0x1cd42e4dffb, max_idle_ns: 881590591483 ns
[    0.000000] Zone ranges:
[    0.000000]   DMA      [mem 0x0000000000001000-0x0000000000ffffff]
[    0.000000]   DMA32    [mem 0x0000000001000000-0x000000003ffeffff]
[    0.000000]   Normal   empty
[    0.000000]   Device   empty
[    0.000000] Movable zone start for each node
[    0.000000] Early memory node ranges
[    0.000000]   node   0: [mem 0x0000000000001000-0x000000000009efff]
[    0.000000]   node   0: [mem 0x0000000000100000-0x000000003ffeffff]
[    0.000000] Reserved but unavailable: 98 pages
[    0.000000] Initmem setup node 0 [mem 0x0000000000001000-0x000000003ffeffff]
[    0.000000] ACPI: PM-Timer IO Port: 0x4008
[    0.000000] IOAPIC[0]: apic_id 2, version 32, address 0xfec00000, GSI 0-23
[    0.000000] ACPI: INT_SRC_OVR (bus 0 bus_irq 0 global_irq 2 dfl dfl)
[    0.000000] ACPI: INT_SRC_OVR (bus 0 bus_irq 9 global_irq 9 low level)
[    0.000000] Using ACPI (MADT) for SMP configuration information
[    0.000000] smpboot: Allowing 2 CPUs, 0 hotplug CPUs
[    0.000000] PM: Registered nosave memory: [mem 0x00000000-0x00000fff]
[    0.000000] PM: Registered nosave memory: [mem 0x0009f000-0x0009ffff]
[    0.000000] PM: Registered nosave memory: [mem 0x000a0000-0x000effff]
[    0.000000] PM: Registered nosave memory: [mem 0x000f0000-0x000fffff]
[    0.000000] e820: [mem 0x40000000-0xfebfffff] available for PCI devices
[    0.000000] Booting paravirtualized kernel on KVM
[    0.000000] clocksource: refined-jiffies: mask: 0xffffffff max_cycles: 0xffffffff, max_idle_ns: 7645519600211568 ns
[    0.000000] random: get_random_bytes called from start_kernel+0x99/0x500 with crng_init=0
[    0.000000] setup_percpu: NR_CPUS:8192 nr_cpumask_bits:2 nr_cpu_ids:2 nr_node_ids:1
[    0.000000] percpu: Embedded 45 pages/cpu s147456 r8192 d28672 u1048576
[    0.000000] PV qspinlock hash table entries: 256 (order: 0, 4096 bytes)
[    0.000000] Built 1 zonelists, mobility grouping on.  Total pages: 257913
[    0.000000] Policy zone: DMA32
[    0.000000] Kernel command line: BOOT_IMAGE=/boot/vmlinuz-4.15.0-123-generic root=LABEL=cloudimg-rootfs ro console=tty1 console=ttyS0
[    0.000000] Memory: 983028K/1048120K available (12300K kernel code, 2482K rwdata, 4272K rodata, 2436K init, 2724K bss, 65092K reserved, 0K cma-reserved)
[    0.000000] SLUB: HWalign=64, Order=0-3, MinObjects=0, CPUs=2, Nodes=1
[    0.000000] ftrace: allocating 39402 entries in 154 pages
[    0.004000] Hierarchical RCU implementation.
[    0.004000] 	RCU restricting CPUs from NR_CPUS=8192 to nr_cpu_ids=2.
[    0.004000] 	Tasks RCU enabled.
[    0.004000] RCU: Adjusting geometry for rcu_fanout_leaf=16, nr_cpu_ids=2
[    0.004000] NR_IRQS: 524544, nr_irqs: 440, preallocated irqs: 16
[    0.004000] Console: colour VGA+ 80x25
[    0.004000] console [tty1] enabled
[    0.004000] console [ttyS0] enabled
[    0.004000] ACPI: Core revision 20170831
[    0.004000] ACPI: 2 ACPI AML tables successfully acquired and loaded
[    0.004000] APIC: Switch to symmetric I/O mode setup
[    0.004000] x2apic enabled
[    0.004000] Switched APIC routing to physical x2apic.
[    0.004000] ..TIMER: vector=0x30 apic1=0 pin1=2 apic2=-1 pin2=-1
[    0.004000] tsc: Detected 2304.000 MHz processor
[    0.004008] Calibrating delay loop (skipped) preset value.. 4608.00 BogoMIPS (lpj=9216000)
[    0.005002] pid_max: default: 32768 minimum: 301
[    0.005599] Security Framework initialized
[    0.006131] Yama: becoming mindful.
[    0.006619] AppArmor: AppArmor initialized
[    0.008000] Dentry cache hash table entries: 131072 (order: 8, 1048576 bytes)
[    0.008042] Inode-cache hash table entries: 65536 (order: 7, 524288 bytes)
[    0.008965] Mount-cache hash table entries: 2048 (order: 2, 16384 bytes)
[    0.012005] Mountpoint-cache hash table entries: 2048 (order: 2, 16384 bytes)
[    0.013178] Last level iTLB entries: 4KB 64, 2MB 8, 4MB 8
[    0.013954] Last level dTLB entries: 4KB 64, 2MB 0, 4MB 0, 1GB 4
[    0.014818] Spectre V1 : Mitigation: usercopy/swapgs barriers and __user pointer sanitization
[    0.016003] Spectre V2 : Mitigation: Full generic retpoline
[    0.016807] Spectre V2 : Spectre v2 / SpectreRSB mitigation: Filling RSB on context switch
[    0.017958] Speculative Store Bypass: Vulnerable
[    0.018645] SRBDS: Mitigation: TSX disabled
[    0.019427] Freeing SMP alternatives memory: 36K
[    0.130157] smpboot: CPU0: Intel(R) Core(TM) i7-10510U CPU @ 1.80GHz (family: 0x6, model: 0x8e, stepping: 0xc)
[    0.132000] Performance Events: unsupported p6 CPU model 142 no PMU driver, software events only.
[    0.132000] Hierarchical SRCU implementation.
[    0.132522] NMI watchdog: Perf event create on CPU 0 failed with -2
[    0.133530] NMI watchdog: Perf NMI watchdog permanently disabled
[    0.134503] smp: Bringing up secondary CPUs ...
[    0.135285] x86: Booting SMP configuration:
[    0.136003] .... node  #0, CPUs:      #1
[    0.004000] kvm-clock: cpu 1, msr 0:3ff44041, secondary cpu clock
[    0.140018] smp: Brought up 1 node, 2 CPUs
[    0.140856] smpboot: Max logical packages: 1
[    0.141667] smpboot: Total of 2 processors activated (9216.00 BogoMIPS)
[    0.142975] devtmpfs: initialized
[    0.142975] x86/mm: Memory block size: 128MB
[    0.144167] evm: security.selinux
[    0.144932] evm: security.SMACK64
[    0.145483] evm: security.SMACK64EXEC
[    0.146021] evm: security.SMACK64TRANSMUTE
[    0.146583] evm: security.SMACK64MMAP
[    0.147243] evm: security.apparmor
[    0.148003] evm: security.ima
[    0.148434] evm: security.capability
[    0.148999] clocksource: jiffies: mask: 0xffffffff max_cycles: 0xffffffff, max_idle_ns: 7645041785100000 ns
[    0.149323] futex hash table entries: 512 (order: 3, 32768 bytes)
[    0.152000] pinctrl core: initialized pinctrl subsystem
[    0.152107] RTC time: 22:16:33, date: 12/13/20
[    0.156117] NET: Registered protocol family 16
[    0.156875] audit: initializing netlink subsys (disabled)
[    0.157799] audit: type=2000 audit(1607897798.215:1): state=initialized audit_enabled=0 res=1
[    0.157799] cpuidle: using governor ladder
[    0.160013] cpuidle: using governor menu
[    0.160634] ACPI: bus type PCI registered
[    0.161215] acpiphp: ACPI Hot Plug PCI Controller Driver version: 0.5
[    0.162160] PCI: Using configuration type 1 for base access
[    0.164031] HugeTLB registered 2.00 MiB page size, pre-allocated 0 pages
[    0.164970] ACPI: Added _OSI(Module Device)
[    0.164970] ACPI: Added _OSI(Processor Device)
[    0.165410] ACPI: Added _OSI(3.0 _SCP Extensions)
[    0.166135] ACPI: Added _OSI(Processor Aggregator Device)
[    0.168004] ACPI: Added _OSI(Linux-Dell-Video)
[    0.168687] ACPI: Added _OSI(Linux-Lenovo-NV-HDMI-Audio)
[    0.169485] ACPI: Added _OSI(Linux-HPI-Hybrid-Graphics)
[    0.170535] ACPI: Executed 1 blocks of module-level executable AML code
[    0.172011] ACPI: Interpreter enabled
[    0.172011] ACPI: (supports S0 S5)
[    0.172011] ACPI: Using IOAPIC for interrupt routing
[    0.176193] PCI: Using host bridge windows from ACPI; if necessary, use "pci=nocrs" and report a bug
[    0.177553] ACPI: Enabled 2 GPEs in block 00 to 07
[    0.179656] ACPI: PCI Root Bridge [PCI0] (domain 0000 [bus 00-ff])
[    0.184007] acpi PNP0A03:00: _OSC: OS supports [ASPM ClockPM Segments MSI]
[    0.185514] acpi PNP0A03:00: _OSC: not requesting OS control; OS requires [ExtendedConfig ASPM ClockPM MSI]
[    0.187116] acpi PNP0A03:00: fail to add MMCONFIG information, can't access extended PCI configuration space under this bridge.
[    0.188372] PCI host bridge to bus 0000:00
[    0.189026] pci_bus 0000:00: root bus resource [io  0x0000-0x0cf7 window]
[    0.190066] pci_bus 0000:00: root bus resource [io  0x0d00-0xffff window]
[    0.192003] pci_bus 0000:00: root bus resource [mem 0x000a0000-0x000bffff window]
[    0.193200] pci_bus 0000:00: root bus resource [mem 0x40000000-0xfdffffff window]
[    0.194366] pci_bus 0000:00: root bus resource [bus 00-ff]
[    0.197611] pci 0000:00:01.1: legacy IDE quirk: reg 0x10: [io  0x01f0-0x01f7]
[    0.198693] pci 0000:00:01.1: legacy IDE quirk: reg 0x14: [io  0x03f6]
[    0.199691] pci 0000:00:01.1: legacy IDE quirk: reg 0x18: [io  0x0170-0x0177]
[    0.200003] pci 0000:00:01.1: legacy IDE quirk: reg 0x1c: [io  0x0376]
[    0.213475] pci 0000:00:07.0: quirk: [io  0x4000-0x403f] claimed by PIIX4 ACPI
[    0.215366] pci 0000:00:07.0: quirk: [io  0x4100-0x410f] claimed by PIIX4 SMB
[    0.222855] ACPI: PCI Interrupt Link [LNKA] (IRQs 5 9 10 *11)
[    0.222855] ACPI: PCI Interrupt Link [LNKB] (IRQs 5 9 *10 11)
[    0.222855] ACPI: PCI Interrupt Link [LNKC] (IRQs 5 *9 10 11)
[    0.222855] ACPI: PCI Interrupt Link [LNKD] (IRQs 5 9 10 *11)
[    0.224005] SCSI subsystem initialized
[    0.228064] pci 0000:00:02.0: vgaarb: setting as boot VGA device
[    0.228940] pci 0000:00:02.0: vgaarb: VGA device added: decodes=io+mem,owns=io+mem,locks=none
[    0.230220] pci 0000:00:02.0: vgaarb: bridge control possible
[    0.231213] vgaarb: loaded
[    0.231653] ACPI: bus type USB registered
[    0.232024] usbcore: registered new interface driver usbfs
[    0.232764] usbcore: registered new interface driver hub
[    0.233497] usbcore: registered new device driver usb
[    0.234212] EDAC MC: Ver: 3.0.0
[    0.234212] PCI: Using ACPI for IRQ routing
[    0.236125] NetLabel: Initializing
[    0.236589] NetLabel:  domain hash size = 128
[    0.237150] NetLabel:  protocols = UNLABELED CIPSOv4 CALIPSO
[    0.237856] NetLabel:  unlabeled traffic allowed by default
[    0.238778] clocksource: Switched to clocksource kvm-clock
[    0.250322] VFS: Disk quotas dquot_6.6.0
[    0.250975] VFS: Dquot-cache hash table entries: 512 (order 0, 4096 bytes)
[    0.251996] AppArmor: AppArmor Filesystem Enabled
[    0.252750] pnp: PnP ACPI init
[    0.254117] pnp: PnP ACPI: found 3 devices
[    0.260096] clocksource: acpi_pm: mask: 0xffffff max_cycles: 0xffffff, max_idle_ns: 2085701024 ns
[    0.261456] NET: Registered protocol family 2
[    0.262257] TCP established hash table entries: 8192 (order: 4, 65536 bytes)
[    0.263421] TCP bind hash table entries: 8192 (order: 5, 131072 bytes)
[    0.267444] TCP: Hash tables configured (established 8192 bind 8192)
[    0.268524] UDP hash table entries: 512 (order: 2, 16384 bytes)
[    0.269493] UDP-Lite hash table entries: 512 (order: 2, 16384 bytes)
[    0.270568] NET: Registered protocol family 1
[    0.271273] pci 0000:00:00.0: Limiting direct PCI/PCI transfers
[    0.272253] pci 0000:00:01.0: Activating ISA DMA hang workarounds
[    0.273209] pci 0000:00:02.0: Video device with shadowed ROM at [mem 0x000c0000-0x000dffff]
[    0.274513] Unpacking initramfs...
[    0.607121] Freeing initrd memory: 19220K
[    0.607982] clocksource: tsc: mask: 0xffffffffffffffff max_cycles: 0x2135f7c97c8, max_idle_ns: 440795273205 ns
[    0.609698] platform rtc_cmos: registered platform RTC device (no PNP device found)
[    0.610786] Scanning for low memory corruption every 60 seconds
[    0.612007] Initialise system trusted keyrings
[    0.612642] Key type blacklist registered
[    0.613298] workingset: timestamp_bits=36 max_order=18 bucket_order=0
[    0.614882] zbud: loaded
[    0.615720] squashfs: version 4.0 (2009/01/31) Phillip Lougher
[    0.616635] fuse init (API version 7.26)
[    0.619251] Key type asymmetric registered
[    0.619867] Asymmetric key parser 'x509' registered
[    0.620637] Block layer SCSI generic (bsg) driver version 0.4 loaded (major 246)
[    0.621781] io scheduler noop registered
[    0.622323] io scheduler deadline registered
[    0.622959] io scheduler cfq registered (default)
[    0.623876] ACPI: AC Adapter [AC] (on-line)
[    0.624531] input: Power Button as /devices/LNXSYSTM:00/LNXPWRBN:00/input/input0
[    0.625574] ACPI: Power Button [PWRF]
[    0.626112] input: Sleep Button as /devices/LNXSYSTM:00/LNXSLPBN:00/input/input1
[    0.627048] ACPI: Sleep Button [SLPF]
[    0.627804] Serial: 8250/16550 driver, 32 ports, IRQ sharing enabled
[    0.628571] ACPI: Battery Slot [BAT0] (battery present)
[    0.650130] 00:02: ttyS0 at I/O 0x3f8 (irq = 4, base_baud = 115200) is a 16550A
[    0.652269] Linux agpgart interface v0.103
[    0.653857] loop: module loaded
[    0.655089] scsi host0: ata_piix
[    0.655731] scsi host1: ata_piix
[    0.656334] ata1: PATA max UDMA/33 cmd 0x1f0 ctl 0x3f6 bmdma 0xd000 irq 14
[    0.657458] ata2: PATA max UDMA/33 cmd 0x170 ctl 0x376 bmdma 0xd008 irq 15
[    0.658681] libphy: Fixed MDIO Bus: probed
[    0.659405] tun: Universal TUN/TAP device driver, 1.6
[    0.660281] PPP generic driver version 2.4.2
[    0.661002] ehci_hcd: USB 2.0 'Enhanced' Host Controller (EHCI) Driver
[    0.661885] ehci-pci: EHCI PCI platform driver
[    0.662523] ehci-platform: EHCI generic platform driver
[    0.663241] ohci_hcd: USB 1.1 'Open' Host Controller (OHCI) Driver
[    0.664037] ohci-pci: OHCI PCI platform driver
[    0.664672] ohci-platform: OHCI generic platform driver
[    0.665349] uhci_hcd: USB Universal Host Controller Interface driver
[    0.666162] i8042: PNP: PS/2 Controller [PNP0303:PS2K,PNP0f03:PS2M] at 0x60,0x64 irq 1,12
[    0.667788] serio: i8042 KBD port at 0x60,0x64 irq 1
[    0.668569] serio: i8042 AUX port at 0x60,0x64 irq 12
[    0.669429] mousedev: PS/2 mouse device common for all mice
[    0.670300] input: AT Translated Set 2 keyboard as /devices/platform/i8042/serio0/input/input2
[    0.671898] rtc_cmos rtc_cmos: rtc core: registered rtc_cmos as rtc0
[    0.672923] rtc_cmos rtc_cmos: alarms up to one day, 114 bytes nvram
[    0.673721] i2c /dev entries driver
[    0.674266] device-mapper: uevent: version 1.0.3
[    0.674929] device-mapper: ioctl: 4.37.0-ioctl (2017-09-20) initialised: dm-devel@redhat.com
[    0.676031] ledtrig-cpu: registered to indicate activity on CPUs
[    0.677056] NET: Registered protocol family 10
[    0.680093] Segment Routing with IPv6
[    0.680634] NET: Registered protocol family 17
[    0.681308] Key type dns_resolver registered
[    0.682019] mce: Using 0 MCE banks
[    0.682539] RAS: Correctable Errors collector initialized.
[    0.683324] sched_clock: Marking stable (681971310, 0)->(813167613, -131196303)
[    0.684680] registered taskstats version 1
[    0.685344] Loading compiled-in X.509 certificates
[    0.687566] Loaded X.509 cert 'Build time autogenerated kernel key: 423d6fc95fe30468112015aeb92af84ef3acf368'
[    0.689007] zswap: loaded using pool lzo/zbud
[    0.692192] Key type big_key registered
[    0.693074] Key type trusted registered
[    0.694746] Key type encrypted registered
[    0.695343] AppArmor: AppArmor sha1 policy hashing enabled
[    0.696134] ima: No TPM chip found, activating TPM-bypass! (rc=-19)
[    0.697153] ima: Allocated hash algorithm: sha1
[    0.697876] evm: HMAC attrs: 0x1
[    0.698655]   Magic number: 0:70:300
[    0.699334] rtc_cmos rtc_cmos: setting system clock to 2020-12-13 22:16:34 UTC (1607897794)
[    0.700767] BIOS EDD facility v0.16 2004-Jun-25, 0 devices found
[    0.701684] EDD information not available.
[    0.843832] Freeing unused kernel image memory: 2436K
[    0.856822] Write protecting the kernel read-only data: 20480k
[    0.858050] Freeing unused kernel image memory: 2008K
[    0.859027] Freeing unused kernel image memory: 1872K
[    0.866417] x86/mm: Checked W+X mappings: passed, no W+X pages found.
Loading, please wait...
starting version 237
[    0.927980] e1000: Intel(R) PRO/1000 Network Driver - version 7.3.21-k8-NAPI
[    0.929764] e1000: Copyright (c) 1999-2006 Intel Corporation.
[    0.941029] Fusion MPT base driver 3.04.20
[    0.941783] Copyright (c) 1999-2008 LSI Corporation
[    0.959961] Fusion MPT SPI Host driver 3.04.20
[    0.964195] AVX2 version of gcm_enc/dec engaged.
[    0.965170] AES CTR mode by8 optimization enabled
[    1.153491] input: ImExPS/2 Generic Explorer Mouse as /devices/platform/i8042/serio1/input/input4
[    1.330093] e1000 0000:00:03.0 eth0: (PCI:33MHz:32-bit) 02:ad:b8:da:8b:56
[    1.331488] e1000 0000:00:03.0 eth0: Intel(R) PRO/1000 Network Connection
[    1.333531] mptbase: ioc0: Initiating bringup
[    1.428991] ioc0: LSI53C1030 A0: Capabilities={Initiator}
[    1.697808] scsi host2: ioc0: LSI53C1030 A0, FwRev=00000000h, Ports=1, MaxQ=256, IRQ=20
[    1.871114] scsi 2:0:0:0: Direct-Access     VBOX     HARDDISK         1.0  PQ: 0 ANSI: 5
[    1.976071] scsi target2:0:0: Beginning Domain Validation
[    1.977477] scsi target2:0:0: Domain Validation skipping write tests
[    1.978274] scsi target2:0:0: Ending Domain Validation
[    1.978965] scsi target2:0:0: asynchronous
[    1.979855] scsi 2:0:1:0: Direct-Access     VBOX     HARDDISK         1.0  PQ: 0 ANSI: 5
[    2.240402] scsi target2:0:1: Beginning Domain Validation
[    2.242297] random: fast init done
[    2.243015] scsi target2:0:1: Domain Validation skipping write tests
[    2.244149] scsi target2:0:1: Ending Domain Validation
[    2.245144] scsi target2:0:1: asynchronous
[    2.250010] random: systemd-udevd: uninitialized urandom read (16 bytes read)
[    2.251568] random: systemd-udevd: uninitialized urandom read (16 bytes read)
[    2.253052] random: systemd-udevd: uninitialized urandom read (16 bytes read)
[    2.253610] e1000 0000:00:08.0 eth1: (PCI:33MHz:32-bit) 08:00:27:bb:b9:f1
[    2.254612] sd 2:0:0:0: Attached scsi generic sg0 type 0
[    2.255585] e1000 0000:00:08.0 eth1: Intel(R) PRO/1000 Network Connection
[    2.257469] sd 2:0:0:0: [sda] 20971520 512-byte logical blocks: (10.7 GB/10.0 GiB)
[    2.258332] e1000 0000:00:03.0 enp0s3: renamed from eth0
[    2.258602] sd 2:0:0:0: [sda] Write Protect is off
[    2.260504] sd 2:0:0:0: [sda] Incomplete mode parameter data
[    2.261476] sd 2:0:0:0: [sda] Assuming drive cache: write through
[    2.262544] sd 2:0:1:0: [sdb] 20480 512-byte logical blocks: (10.5 MB/10.0 MiB)
[    2.263925] sd 2:0:1:0: [sdb] Write Protect is off
[    2.264950] sd 2:0:1:0: Attached scsi generic sg1 type 0
[    2.265062] sd 2:0:1:0: [sdb] Incomplete mode parameter data
[    2.266906] sd 2:0:1:0: [sdb] Assuming drive cache: write through
[    2.271741]  sda: sda1
[    2.272814] sd 2:0:0:0: [sda] Attached SCSI disk
[    2.274982] sd 2:0:1:0: [sdb] Attached SCSI disk
[    2.278248] e1000 0000:00:08.0 enp0s8: renamed from eth1
Begin: Loading essential drivers ... [    3.728061] raid6: sse2x1   gen() 10639 MB/s
[    3.776067] raid6: sse2x1   xor()  6313 MB/s
[    3.824442] raid6: sse2x2   gen() 13560 MB/s
[    3.872532] raid6: sse2x2   xor()  8159 MB/s
[    3.920347] raid6: sse2x4   gen() 14163 MB/s
[    3.968078] raid6: sse2x4   xor()  8736 MB/s
[    4.016479] raid6: avx2x1   gen() 22660 MB/s
[    4.064397] raid6: avx2x1   xor() 11547 MB/s
[    4.112343] raid6: avx2x2   gen() 29005 MB/s
[    4.160178] raid6: avx2x2   xor() 17187 MB/s
[    4.208281] raid6: avx2x4   gen() 28012 MB/s
[    4.256507] raid6: avx2x4   xor() 17569 MB/s
[    4.257270] raid6: using algorithm avx2x2 gen() 29005 MB/s
[    4.258118] raid6: .... xor() 17187 MB/s, rmw enabled
[    4.258883] raid6: using avx2x2 recovery algorithm
[    4.260691] xor: automatically using best checksumming function   avx       
[    4.262630] async_tx: api initialized (async)
done.
Begin: Running /scripts/init-premount ... done.
Begin: Mounting root file system ... Begin: Running /scripts/local-top ... done.
Begin: Running /scripts/local-premount ... [    4.309627] Btrfs loaded, crc32c=crc32c-intel
Scanning for Btrfs filesystems
done.
Warning: fsck not present, so skipping root file system
[    4.337275] EXT4-fs (sda1): mounted filesystem with ordered data mode. Opts: (null)
done.
Begin: Running /scripts/local-bottom ... done.
Begin: Running /scripts/init-bottom ... done.
[    4.477399] ip_tables: (C) 2000-2006 Netfilter Core Team
[    4.482632] systemd[1]: systemd 237 running in system mode. (+PAM +AUDIT +SELINUX +IMA +APPARMOR +SMACK +SYSVINIT +UTMP +LIBCRYPTSETUP +GCRYPT +GNUTLS +ACL +XZ +LZ4 +SECCOMP +BLKID +ELFUTILS +KMOD -IDN2 +IDN -PCRE2 default-hierarchy=hybrid)
[    4.485258] systemd[1]: Detected virtualization oracle.
[    4.485912] systemd[1]: Detected architecture x86-64.

Welcome to [1mUbuntu 18.04.5 LTS[0m!

[    4.490203] systemd[1]: Set hostname to <ubuntu>.
[    4.492800] systemd[1]: Initializing machine ID from random generator.
[    4.493614] systemd[1]: Installed transient /etc/machine-id file.
[    4.683521] systemd[1]: Created slice User and Session Slice.
[[0;32m  OK  [0m] Created slice User and Session Slice.
[    4.685265] systemd[1]: Created slice System Slice.
[[0;32m  OK  [0m] Created slice System Slice.
[    4.686716] systemd[1]: Reached target Slices.
[[0;32m  OK  [0m] Reached target Slices.
[    4.687912] systemd[1]: Listening on Syslog Socket.
[[0;32m  OK  [0m] Listening on Syslog Socket.
[[0;32m  OK  [0m] Created slice system-serial\x2dgetty.slice.
[[0;32m  OK  [0m] Listening on Device-mapper event daemon FIFOs.
[[0;32m  OK  [0m] Listening on LVM2 poll daemon socket.
[[0;32m  OK  [0m] Reached target Swap.
[[0;32m  OK  [0m] Started Forward Password Requests to Wall Directory Watch.
[[0;32m  OK  [0m] Reached target User and Group Name Lookups.
[[0;32m  OK  [0m] Reached target System Time Synchronized.
[[0;32m  OK  [0m] Listening on udev Control Socket.
[[0;32m  OK  [0m] Listening on Journal Audit Socket.
[[0;32m  OK  [0m] Listening on Journal Socket.
         Starting Load Kernel Modules...
         Mounting Kernel Debug File System...
         Mounting POSIX Message Queue File System...
         Starting Uncomplicated firewall...
         Starting Set the console keyboard layout...
         Mounting Huge Pages File System...
         Starting Remount Root and Kernel File Systems...
[[0;32m  OK  [0m] Listening on /dev/initctl Compatibility Named Pipe.
[[0;32m  OK  [0m] Listening on LVM2 metadata daemon socket.
[[0;32m  OK  [0m] Listening on Journal Socket (/dev/log).
         Starting Journal Service...
[[0;32m  OK  [0m] Listening on udev Kernel Socket.
[    4.716522] Loading iSCSI transport class v2.0-870.
         Starting udev Coldplug all Devices...
[[0;32m  OK  [0m] Set up automount Arbitrary Executab…rmats File System Automount Point.
         Starting Create list of required st…ce nodes for the current kernel...
         Starting Monitoring of LVM2 mirrors…ng dmeventd or progress polling...
[    4.768227] iscsi: registered transport (tcp)
[[0;32m  OK  [0m] Listening on Network Service Netlink Socket.
[[0;32m  OK  [0m] Mounted Kernel Debug File System.
[[0;32m  OK  [0m] Mounted POSIX Message Queue File System.
[[0;32m  OK  [0m] Started Uncomplicated firewall.
[[0;32m  OK  [0m] Mounted Huge Pages File System.
[    4.806670] EXT4-fs (sda1): re-mounted. Opts: (null)
[[0;32m  OK  [0m] Started Create list of required sta…vice nodes for the current kernel.
         Starting Create Static Device Nodes in /dev...
[[0;32m  OK  [0m] Started Journal Service.
[[0;32m  OK  [0m] Started Remount Root and Kernel File Systems.
[[0;32m  OK  [0m] Started udev Coldplug all Devices.
[    4.831960] iscsi: registered transport (iser)
         Starting Load/Save Random Seed...
         Starting Flush Journal to Persistent Storage...
[[0;32m  OK  [0m] Started Load Kernel Modules.
[[0;32m  OK  [0m] Started Create Static Device Nodes in /dev.
[[0;32m  OK  [0m] Started LVM2 metadata daemon.
         Starting udev Kernel Device Manager...
         Mounting Kernel Configuration File System...
         Starting Apply Kernel Variables...
         Mounting FUSE Control File System...
[[0;32m  OK  [0m] Mounted Kernel Configuration File System.
[[0;32m  OK  [0m] Mounted FUSE Control File System.
[    4.869219] systemd-journald[401]: Received request to flush runtime journal from PID 1
[[0;32m  OK  [0m] Started Load/Save Random Seed.
[[0;32m  OK  [0m] Started udev Kernel Device Manager.
[[0;32m  OK  [0m] Started Apply Kernel Variables.
[[0;32m  OK  [0m] Started Monitoring of LVM2 mirrors,…sing dmeventd or progress polling.
[[0;32m  OK  [0m] Started Flush Journal to Persistent Storage.
[[0;32m  OK  [0m] Started Set the console keyboard layout.
[[0;32m  OK  [0m] Reached target Local File Systems (Pre).
[[0;32m  OK  [0m] Reached target Local File Systems.
         Starting AppArmor initialization...
         Starting Tell Plymouth To Write Out Runtime Data...
         Starting ebtables ruleset management...
         Starting Set console font and keymap...
         Starting Create Volatile Files and Directories...
         Starting Commit a transient machine-id on disk...
[[0;32m  OK  [0m] Started Dispatch Password Requests to Console Directory Watch.
[[0;32m  OK  [0m] Reached target Local Encrypted Volumes.
[[0;32m  OK  [0m] Started Tell Plymouth To Write Out Runtime Data.
[[0;32m  OK  [0m] Started Set console font and keymap.
[[0;32m  OK  [0m] Started Create Volatile Files and Directories.
         Starting Update UTMP about System Boot/Shutdown...
[[0;32m  OK  [0m] Found device /dev/ttyS0.
[[0;32m  OK  [0m] Started Update UTMP about System Boot/Shutdown.
[[0;32m  OK  [0m] Started Commit a transient machine-id on disk.
[[0;32m  OK  [0m] Listening on Load/Save RF Kill Switch Status /dev/rfkill Watch.
[[0;32m  OK  [0m] Started ebtables ruleset management.
[[0;32m  OK  [0m] Started AppArmor initialization.
         Starting Initial cloud-init job (pre-networking)...
         Starting Load AppArmor profiles managed internally by snapd...
[[0;32m  OK  [0m] Started Load AppArmor profiles managed internally by snapd.
[    6.752996] cloud-init[558]: Cloud-init v. 20.3-2-g371b392c-0ubuntu1~18.04.1 running 'init-local' at Sun, 13 Dec 2020 22:16:40 +0000. Up 6.44 seconds.
[[0;32m  OK  [0m] Started Initial cloud-init job (pre-networking).
[[0;32m  OK  [0m] Reached target Network (Pre).
         Starting Network Service...
[[0;32m  OK  [0m] Started Network Service.
         Starting Network Name Resolution...
         Starting Wait for Network to be Configured...
[[0;32m  OK  [0m] Started Network Name Resolution.
[[0;32m  OK  [0m] Reached target Network.
[[0;32m  OK  [0m] Reached target Host and Network Name Lookups.
[[0;32m  OK  [0m] Started Wait for Network to be Configured.
         Starting Initial cloud-init job (metadata service crawler)...
[    9.409270] cloud-init[699]: Cloud-init v. 20.3-2-g371b392c-0ubuntu1~18.04.1 running 'init' at Sun, 13 Dec 2020 22:16:43 +0000. Up 9.28 seconds.
[    9.410356] cloud-init[699]: ci-info: ++++++++++++++++++++++++++++++++++++++Net device info+++++++++++++++++++++++++++++++++++++++
[    9.420336] cloud-init[699]: ci-info: +--------+-------+----------------------------+---------------+--------+-------------------+
[    9.421459] cloud-init[699]: ci-info: | Device |   Up  |          Address           |      Mask     | Scope  |     Hw-Address    |
[    9.422686] cloud-init[699]: ci-info: +--------+-------+----------------------------+---------------+--------+-------------------+
[    9.432238] cloud-init[699]: ci-info: | enp0s3 |  True |         10.0.2.15          | 255.255.255.0 | global | 02:ad:b8:da:8b:56 |
[    9.433353] cloud-init[699]: ci-info: | enp0s3 |  True | fe80::ad:b8ff:feda:8b56/64 |       .       |  link  | 02:ad:b8:da:8b:56 |
[    9.434189] cloud-init[699]: ci-info: | enp0s8 | False |             .              |       .       |   .    | 08:00:27:bb:b9:f1 |
[    9.435355] cloud-init[699]: ci-info: |   lo   |  True |         127.0.0.1          |   255.0.0.0   |  host  |         .         |
[    9.436530] cloud-init[699]: ci-info: |   lo   |  True |          ::1/128           |       .       |  host  |         .         |
[    9.437683] cloud-init[699]: ci-info: +--------+-------+----------------------------+---------------+--------+-------------------+
[    9.438824] cloud-init[699]: ci-info: ++++++++++++++++++++++++++++Route IPv4 info+++++++++++++++++++++++++++++
[    9.439832] cloud-init[699]: ci-info: +-------+-------------+----------+-----------------+-----------+-------+
[    9.440945] cloud-init[699]: ci-info: | Route | Destination | Gateway  |     Genmask     | Interface | Flags |
[    9.441933] cloud-init[699]: ci-info: +-------+-------------+----------+-----------------+-----------+-------+
[    9.443097] cloud-init[699]: ci-info: |   0   |   0.0.0.0   | 10.0.2.2 |     0.0.0.0     |   enp0s3  |   UG  |
[    9.444146] cloud-init[699]: ci-info: |   1   |   10.0.2.0  | 0.0.0.0  |  255.255.255.0  |   enp0s3  |   U   |
[    9.445222] cloud-init[699]: ci-info: |   2   |   10.0.2.2  | 0.0.0.0  | 255.255.255.255 |   enp0s3  |   UH  |
[    9.446327] cloud-init[699]: ci-info: +-------+-------------+----------+-----------------+-----------+-------+
[    9.447460] cloud-init[699]: ci-info: +++++++++++++++++++Route IPv6 info+++++++++++++++++++
[    9.448392] cloud-init[699]: ci-info: +-------+-------------+---------+-----------+-------+
[    9.449257] cloud-init[699]: ci-info: | Route | Destination | Gateway | Interface | Flags |
[    9.450182] cloud-init[699]: ci-info: +-------+-------------+---------+-----------+-------+
[    9.451129] cloud-init[699]: ci-info: |   1   |  fe80::/64  |    ::   |   enp0s3  |   U   |
[    9.452112] cloud-init[699]: ci-info: |   3   |    local    |    ::   |   enp0s3  |   U   |
[    9.453060] cloud-init[699]: ci-info: |   4   |   ff00::/8  |    ::   |   enp0s3  |   U   |
[    9.453997] cloud-init[699]: ci-info: +-------+-------------+---------+-----------+-------+
[   10.131385] cloud-init[699]: Generating public/private rsa key pair.
[   10.140773] cloud-init[699]: Your identification has been saved in /etc/ssh/ssh_host_rsa_key.
[   10.141480] cloud-init[699]: Your public key has been saved in /etc/ssh/ssh_host_rsa_key.pub.
[   10.152281] cloud-init[699]: The key fingerprint is:
[   10.164611] cloud-init[699]: SHA256:bU8XiBAAAjn6LwLbE3k/N/S0MjQX3YQrUfj2BDKIyfM root@ubuntu-bionic
[   10.165550] cloud-init[699]: The key's randomart image is:
[   10.176321] cloud-init[699]: +---[RSA 2048]----+
[   10.177001] cloud-init[699]: |.o. .o.+oo o..   |
[   10.177587] cloud-init[699]: |o  .  = ..=.o..  |
[   10.178161] cloud-init[699]: |..     o  .*.=.  |
[   10.178755] cloud-init[699]: |.       E.o = o. |
[   10.179246] cloud-init[699]: | . .    S o+.o.  |
[[0;32m  OK  [0m[   10.188512] cloud-init[699]: |. + .   +.oo ..  |
[   10.188777] cloud-init[699]: |.o + . o = ..    |
[   10.189179] cloud-init[699]: |o + . o = o      |
] Started Initial cloud-init job (metadata service crawler).
[   10.189257] cloud-init[699]: | . o   o +       |
[   10.191001] cloud-init[699]: +----[SHA256]-----+
[[0;32m  OK  [0m[   10.200584] cloud-init[699]: Generating public/private dsa key pair.
[   10.200786] cloud-init[699]: Your identification has been saved in /etc/ssh/ssh_host_dsa_key.
[   10.201143] cloud-init[699]: Your public key has been saved in /etc/ssh/ssh_host_dsa_key.pub.
[   10.201509] cloud-init[699]: The key fingerprint is:
[   10.201835] cloud-init[699]: SHA256:VYSG+ytXxOTWCSdzHIrz5hiMwZ+AmqKME008M654DeY root@ubuntu-bionic
[   10.202186] cloud-init[699]: The key's randomart image is:
[   10.202406] cloud-init[699]: +---[DSA 1024]----+
[   10.202765] cloud-init[699]: |         . oo... |
[   10.203100] cloud-init[699]: | .     o. oo=.+  |
[   10.203522] cloud-init[699]: |  *   . +o++.B . |
[   10.203735] cloud-init[699]: | + + o  .B += o  |
[   10.203964] cloud-init[699]: |. * o   S.=oo    |
[   10.204306] cloud-init[699]: |+* +      .=.    |
[   10.204676] cloud-init[699]: |*.E .     .o.    |
[   10.204995] cloud-init[699]: | o      . o      |
[   10.205335] cloud-init[699]: |         o       |
[   10.205575] cloud-init[699]: +----[SHA256]-----+
[   10.205764] cloud-init[699]: Generating public/private ecdsa key pair.
[   10.206083] cloud-init[699]: Your identification has been saved in /etc/ssh/ssh_host_ecdsa_key.
[   10.206453] cloud-init[699]: Your public key has been saved in /etc/ssh/ssh_host_ecdsa_key.pub.
[   10.206676] cloud-init[699]: The key fingerprint is:
[   10.206877] cloud-init[699]: SHA256:lEnI4+I51u9G3YZ+6TqfDyM4Gxmp6nnrimmGtXr2y8o root@ubuntu-bionic
[   10.207174] cloud-init[699]: The key's randomart image is:
[   10.207531] cloud-init[699]: +---[ECDSA 256]---+
[   10.207867] cloud-init[699]: |     . ..        |
[   10.208321] cloud-init[699]: |      +. o       |
[   10.208634] cloud-init[699]: |     . .+        |
[   10.208961] cloud-init[699]: |    . .. .       |
[   10.209314] cloud-init[699]: |   . +  S. o     |
[   10.209525] cloud-init[699]: |  . = ...+o o    |
[   10.209838] cloud-init[699]: | o o ..o=...o.   |
[   10.209954] cloud-init[699]: |..*+ o. o+o.o+   |
[   10.210104] cloud-init[699]: |.*E+O=o+o .*+..  |
[   10.210456] cloud-init[699]: +----[SHA256]-----+
[   10.210773] cloud-init[699]: Generating public/private ed25519 key pair.
[   10.211113] cloud-init[699]: Your identification has been saved in /etc/ssh/ssh_host_ed25519_key.
[   10.211465] cloud-init[699]: Your public key has been saved in /etc/ssh/ssh_host_ed25519_key.pub.
[   10.211803] cloud-init[699]: The key fingerprint is:
[   10.212067] cloud-init[699]: SHA256:el5oCMIKx5wkWJ1ZK/ohdwlTRoDhACSkc6DSDj2IcAw root@ubuntu-bionic
[   10.212392] cloud-init[699]: The key's randomart image is:
[   10.212620] cloud-init[699]: +--[ED25519 256]--+
[   10.212955] cloud-init[699]: |E=++.*=          |
[   10.213364] cloud-init[699]: |BXo +o .         |
[   10.213582] cloud-init[699]: |@ B + .          |
[   10.213893] cloud-init[699]: |.@ + + .         |
[   10.214187] cloud-init[699]: |. @ + o S        |
[   10.214435] cloud-init[699]: |.o = + o .       |
] Reached target System Initialization.[   10.214594] cloud-init[699]: |.   . o + .      |
[   10.222478] cloud-init[699]: |       + .       |
[   10.222825] cloud-init[699]: |        .        |
[   10.223165] cloud-init[699]: +----[SHA256]-----+

[[0;32m  OK  [0m] Started Daily apt download activities.
[[0;32m  OK  [0m] Listening on ACPID Listen Socket.
[[0;32m  OK  [0m] Listening on Open-iSCSI iscsid Socket.
[[0;32m  OK  [0m] Started ACPI Events Check.
[[0;32m  OK  [0m] Listening on D-Bus System Message Bus Socket.
[[0;32m  OK  [0m] Started Message of the Day.
[[0;32m  OK  [0m] Started Daily apt upgrade and clean activities.
         Starting Socket activation for snappy daemon.
[[0;32m  OK  [0m] Listening on UUID daemon activation socket.
[[0;32m  OK  [0m] Started Discard unused blocks once a week.
[[0;32m  OK  [0m] Started Daily Cleanup of Temporary Directories.
[[0;32m  OK  [0m] Reached target Timers.
         Starting LXD - unix socket.
[[0;32m  OK  [0m] Reached target Paths.
[[0;32m  OK  [0m] Reached target Cloud-config availability.
[[0;32m  OK  [0m] Reached target Network is Online.
         Starting Availability of block devices...
[[0;32m  OK  [0m] Reached target Remote File Systems (Pre).
[[0;32m  OK  [0m] Reached target Remote File Systems.
[[0;32m  OK  [0m] Listening on Socket activation for snappy daemon.
[[0;32m  OK  [0m] Listening on LXD - unix socket.
[[0;32m  OK  [0m] Reached target Sockets.
[[0;32m  OK  [0m] Reached target Basic System.
         Starting LXD - container startup/shutdown...
         Starting Virtualbox guest utils...
[[0;32m  OK  [0m] Started irqbalance daemon.
         Starting Login Service...
[[0;32m  OK  [0m] Started Regular background program processing daemon.
         Starting Permit User Sessions...
[[0;32m  OK  [0m] Started D-Bus System Message Bus.
         Starting Dispatcher daemon for systemd-networkd...
         Starting System Logging Service...
         Starting LSB: automatic crash report generation...
         Starting Accounts Service...
[[0;32m  OK  [0m] Started FUSE filesystem for LXC.
         Starting LSB: Record successful boot for GRUB...
         Starting Pollinate to seed the pseudo random number generator...
[[0;32m  OK  [0m] Started Deferred execution scheduler.
         Starting Snap Daemon...
[[0;32m  OK  [0m] Started System Logging Service.
[[0;32m  OK  [0m] Started Availability of block devices.
[[0;32m  OK  [0m] Started LXD - container startup/shutdown.
[[0;32m  OK  [0m] Started Permit User Sessions.
[[0;32m  OK  [0m] Started Login Service.
         Starting Authorization Manager...
[[0;32m  OK  [0m] Started Unattended Upgrades Shutdown.
         Starting Hold until boot process finishes up...
         Starting Terminate Plymouth Boot Screen...
[[0;32m  OK  [0m] Started Hold until boot process finishes up.
[[0;32m  OK  [0m] Started Serial Getty on ttyS0.
         Starting Set console scheme...
[[0;32m  OK  [0m] Started Terminate Plymouth Boot Screen.
[[0;32m  OK  [0m] Started Set console scheme.
[[0;32m  OK  [0m] Started LSB: automatic crash report generation.
[[0;32m  OK  [0m] Started LSB: Record successful boot for GRUB.
[[0;32m  OK  [0m] Created slice system-getty.slice.
[[0;32m  OK  [0m] Started Getty on tty1.
[[0;32m  OK  [0m] Reached target Login Prompts.
[[0;32m  OK  [0m] Started Authorization Manager.
[[0;32m  OK  [0m] Started Accounts Service.
[[0;32m  OK  [0m] Started Virtualbox guest utils.
[[0;32m  OK  [0m] Started Dispatcher daemon for systemd-networkd.
[[0;32m  OK  [0m] Started Snap Daemon.
         Starting Wait until snapd is fully seeded...
[[0;32m  OK  [0m] Started Pollinate to seed the pseudo random number generator.
         Starting OpenBSD Secure Shell server...
[[0;32m  OK  [0m] Started OpenBSD Secure Shell server.
[[0;32m  OK  [0m] Created slice User Slice of vagrant.
         Starting User Manager for UID 1000...
[[0;32m  OK  [0m] Started Session 1 of user vagrant.
[[0;32m  OK  [0m] Started User Manager for UID 1000.

Ubuntu 18.04.5 LTS ubuntu-bionic ttyS0

ubuntu-bionic login: [   23.108356] cloud-init[2131]: Cloud-init v. 20.3-2-g371b392c-0ubuntu1~18.04.1 running 'modules:config' at Sun, 13 Dec 2020 22:16:56 +0000. Up 22.79 seconds.
ci-info: no authorized SSH keys fingerprints found for user ubuntu.
<14>Dec 13 22:16:57 ec2: 
<14>Dec 13 22:16:57 ec2: #############################################################
<14>Dec 13 22:16:57 ec2: -----BEGIN SSH HOST KEY FINGERPRINTS-----
<14>Dec 13 22:16:57 ec2: 1024 SHA256:VYSG+ytXxOTWCSdzHIrz5hiMwZ+AmqKME008M654DeY root@ubuntu-bionic (DSA)
<14>Dec 13 22:16:57 ec2: 256 SHA256:lEnI4+I51u9G3YZ+6TqfDyM4Gxmp6nnrimmGtXr2y8o root@ubuntu-bionic (ECDSA)
<14>Dec 13 22:16:57 ec2: 256 SHA256:el5oCMIKx5wkWJ1ZK/ohdwlTRoDhACSkc6DSDj2IcAw root@ubuntu-bionic (ED25519)
<14>Dec 13 22:16:57 ec2: 2048 SHA256:bU8XiBAAAjn6LwLbE3k/N/S0MjQX3YQrUfj2BDKIyfM root@ubuntu-bionic (RSA)
<14>Dec 13 22:16:57 ec2: -----END SSH HOST KEY FINGERPRINTS-----
<14>Dec 13 22:16:57 ec2: #############################################################
-----BEGIN SSH HOST KEY KEYS-----
ecdsa-sha2-nistp256 AAAAE2VjZHNhLXNoYTItbmlzdHAyNTYAAAAIbmlzdHAyNTYAAABBBHEgoPpTHwbE6sksMUvzdYFvC4GJEMZmBReIwzcC28wCFRG0lXQesABrt6/qtlIDgJ6lK+sivMaCsTKrShn3HYg= root@ubuntu-bionic
ssh-ed25519 AAAAC3NzaC1lZDI1NTE5AAAAILwbmanniHp+mg4Om6DeTfYWqxVaslpc0QS9UbggNorr root@ubuntu-bionic
ssh-rsa AAAAB3NzaC1yc2EAAAADAQABAAABAQC8n4LE+quoDXb5ypxd36O41XTXHxe3IdYSEU6OtkaoThwScwhBHu+vTWf3nUiit+QheB39q0g8vFT3xinYQGfcozuNSLDVtK45Y/oLkoEfrWbaxOcykrD7igK9xBbPw9Q8852kg1eypYQ66nfoL8pTcrzs/wg0BMV8apUB/sG8DqWQH5me0BHwio7JqANMpRywWUkGANbmkRCOeLSQAcN6VkwKU0xGRoZAn/w1nSWUI4AM+v8sHRTExqo1bcY+1QkkAoBrlimFSeDEwKRE5UbdmIZ1R/2wCyW40QRtQIX3Zmu9qErp4//2EdszxYKWF1CpgHhEfE0LTNtoKPfOvIFR root@ubuntu-bionic
-----END SSH HOST KEY KEYS-----
[   23.595749] cloud-init[2242]: Cloud-init v. 20.3-2-g371b392c-0ubuntu1~18.04.1 running 'modules:final' at Sun, 13 Dec 2020 22:16:57 +0000. Up 23.47 seconds.
[   23.597410] cloud-init[2242]: ci-info: no authorized SSH keys fingerprints found for user ubuntu.
[   23.598428] cloud-init[2242]: Cloud-init v. 20.3-2-g371b392c-0ubuntu1~18.04.1 finished at Sun, 13 Dec 2020 22:16:57 +0000. Datasource DataSourceNoCloud [seed=/dev/sdb][dsmode=net].  Up 23.58 seconds
